\BOOKMARK [0][-]{chapter*.2}{\376\377\000R\000e\000s\000u\000m\000o\000\040\000E\000x\000e\000c\000u\000t\000i\000v\000o}{}% 1
\BOOKMARK [-1][-]{part.1}{\376\377\000I\000\040\000A\000n\000\341\000l\000i\000s\000e\000\040\000e\000\040\000D\000o\000c\000u\000m\000e\000n\000t\000a\000\347\000\343\000o\000\040\000d\000o\000s\000\040\000F\000i\000c\000h\000e\000i\000r\000o\000s\000\040\000M\000A\000T\000L\000A\000B\000/\000O\000c\000t\000a\000v\000e}{}% 2
\BOOKMARK [0][-]{chapter.1}{\376\377\000A\000n\000\341\000l\000i\000s\000e\000\040\000d\000o\000\040\000C\000\363\000d\000i\000g\000o\000\040\000M\000A\000T\000L\000A\000B\000:\000\040\000a\000n\000a\000l\000y\000z\000e\000r\000e\000l\000a\000t\000i\000o\000n\000.\000m}{part.1}% 3
\BOOKMARK [1][-]{section.1.1}{\376\377\000V\000i\000s\000\343\000o\000\040\000G\000e\000r\000a\000l\000\040\000I\000n\000i\000c\000i\000a\000l}{chapter.1}% 4
\BOOKMARK [1][-]{section.1.2}{\376\377\000A\000n\000\341\000l\000i\000s\000e\000\040\000P\000a\000s\000s\000o\000\040\000a\000\040\000P\000a\000s\000s\000o\000\040\000d\000o\000\040\000C\000\363\000d\000i\000g\000o}{chapter.1}% 5
\BOOKMARK [2][-]{subsection.1.2.1}{\376\377\000F\000u\000n\000\347\000\343\000o\000\040\000P\000r\000i\000n\000c\000i\000p\000a\000l\000:\000\040\000a\000n\000a\000l\000y\000z\000e\000r\000e\000l\000a\000t\000i\000o\000n}{section.1.2}% 6
\BOOKMARK [2][-]{subsection.1.2.2}{\376\377\000T\000r\000a\000n\000s\000i\000t\000i\000v\000e\000\040\000C\000l\000o\000s\000u\000r\000e\000:\000\040\000t\000r\000a\000n\000s\000i\000t\000i\000v\000e\000c\000l\000o\000s\000u\000r\000e}{section.1.2}% 7
\BOOKMARK [2][-]{subsection.1.2.3}{\376\377\000H\000a\000s\000s\000e\000\040\000D\000i\000a\000g\000r\000a\000m\000\040\000G\000e\000n\000e\000r\000a\000t\000o\000r\000:\000\040\000h\000a\000s\000s\000e}{section.1.2}% 8
\BOOKMARK [2][-]{subsection.1.2.4}{\376\377\000C\000a\000t\000e\000g\000o\000r\000i\000c\000a\000l\000\040\000C\000o\000e\000q\000u\000a\000l\000i\000z\000e\000r\000:\000\040\000c\000o\000e\000q}{section.1.2}% 9
\BOOKMARK [2][-]{subsection.1.2.5}{\376\377\000H\000o\000m\000o\000l\000o\000g\000y\000\040\000o\000f\000\040\000E\000n\000d\000o\000m\000a\000p\000s\000:\000\040\000h\000o\000m\000o\000l\000o\000g\000y}{section.1.2}% 10
\BOOKMARK [2][-]{subsection.1.2.6}{\376\377\000O\000r\000b\000i\000t\000\040\000C\000a\000l\000c\000u\000l\000a\000t\000i\000o\000n\000:\000\040\000o\000r\000b\000i\000t\000s}{section.1.2}% 11
\BOOKMARK [1][-]{section.1.3}{\376\377\000S\000a\000\355\000d\000a\000s\000\040\000e\000\040\000E\000l\000e\000m\000e\000n\000t\000o\000s\000\040\000V\000i\000s\000u\000a\000i\000s\000\040\000E\000s\000p\000e\000r\000a\000d\000o\000s}{chapter.1}% 12
\BOOKMARK [0][-]{chapter.2}{\376\377\000A\000n\000\341\000l\000i\000s\000e\000\040\000d\000o\000\040\000S\000c\000r\000i\000p\000t\000\040\000M\000A\000T\000L\000A\000B\000:\000\040\000D\000i\000s\000c\000r\000e\000t\000e\000\040\000M\000a\000t\000h\000\040\000A\000n\000o\000n\000y\000m\000o\000u\000s\000\040\000F\000u\000n\000\347\000\365\000e\000s}{part.1}% 13
\BOOKMARK [1][-]{section.2.1}{\376\377\000V\000i\000s\000\343\000o\000\040\000G\000e\000r\000a\000l\000\040\000I\000n\000i\000c\000i\000a\000l}{chapter.2}% 14
\BOOKMARK [1][-]{section.2.2}{\376\377\000A\000n\000\341\000l\000i\000s\000e\000\040\000P\000a\000s\000s\000o\000\040\000a\000\040\000P\000a\000s\000s\000o\000\040\000d\000o\000\040\000C\000\363\000d\000i\000g\000o}{chapter.2}% 15
\BOOKMARK [2][-]{subsection.2.2.1}{\376\377\0001\000.\000\040\000T\000\355\000t\000u\000l\000o\000\040\000d\000a\000\040\000S\000e\000c\000\347\000\343\000o\000/\000F\000u\000n\000\347\000\343\000o\000:\000\040\000M\000a\000t\000r\000i\000z\000\040\000e\000\040\000V\000e\000t\000o\000r\000\040\000S\000i\000z\000i\000n\000g\000\040\000U\000t\000i\000l\000i\000t\000i\000e\000s}{section.2.2}% 16
\BOOKMARK [2][-]{subsection.2.2.2}{\376\377\0001\000.\000\040\000T\000\355\000t\000u\000l\000o\000\040\000d\000a\000\040\000S\000e\000c\000\347\000\343\000o\000/\000F\000u\000n\000\347\000\343\000o\000:\000\040\000D\000i\000v\000i\000s\000o\000r\000e\000s\000\040\000e\000\040\000R\000e\000l\000a\000\347\000\343\000o\000\040\000d\000o\000\040\000D\000i\000a\000g\000r\000a\000m\000a\000\040\000d\000e\000\040\000H\000a\000s\000s\000e}{section.2.2}% 17
\BOOKMARK [2][-]{subsection.2.2.3}{\376\377\0001\000.\000\040\000T\000\355\000t\000u\000l\000o\000\040\000d\000a\000\040\000S\000e\000c\000\347\000\343\000o\000/\000F\000u\000n\000\347\000\343\000o\000:\000\040\000P\000r\000o\000p\000r\000i\000e\000d\000a\000d\000e\000s\000\040\000d\000e\000\040\000R\000e\000l\000a\000\347\000\365\000e\000s\000\040\000B\000i\000n\000\341\000r\000i\000a\000s}{section.2.2}% 18
\BOOKMARK [2][-]{subsection.2.2.4}{\376\377\0001\000.\000\040\000T\000\355\000t\000u\000l\000o\000\040\000d\000a\000\040\000S\000e\000c\000\347\000\343\000o\000/\000F\000u\000n\000\347\000\343\000o\000:\000\040\000E\000n\000d\000o\000m\000a\000p\000a\000s\000\040\000e\000\040\000B\000i\000j\000e\000\347\000\365\000e\000s\000\040\000F\000u\000n\000c\000i\000o\000n\000a\000i\000s}{section.2.2}% 19
\BOOKMARK [2][-]{subsection.2.2.5}{\376\377\0001\000.\000\040\000T\000\355\000t\000u\000l\000o\000\040\000d\000a\000\040\000S\000e\000c\000\347\000\343\000o\000/\000F\000u\000n\000\347\000\343\000o\000:\000\040\000P\000a\000r\000t\000i\000\347\000\365\000e\000s\000\040\000I\000n\000t\000e\000i\000r\000a\000s}{section.2.2}% 20
\BOOKMARK [2][-]{subsection.2.2.6}{\376\377\0001\000.\000\040\000T\000\355\000t\000u\000l\000o\000\040\000d\000a\000\040\000S\000e\000c\000\347\000\343\000o\000/\000F\000u\000n\000\347\000\343\000o\000:\000\040\000S\000i\000g\000n\000a\000t\000u\000r\000e\000s\000,\000\040\000C\000o\000n\000n\000e\000c\000t\000e\000d\000\040\000C\000o\000m\000p\000o\000n\000e\000n\000t\000s\000,\000\040\000a\000n\000d\000\040\000C\000y\000c\000l\000e\000s}{section.2.2}% 21
\BOOKMARK [1][-]{section.2.3}{\376\377\000S\000a\000\355\000d\000a\000s\000\040\000e\000\040\000E\000l\000e\000m\000e\000n\000t\000o\000s\000\040\000V\000i\000s\000u\000a\000i\000s\000\040\000E\000s\000p\000e\000r\000a\000d\000o\000s}{chapter.2}% 22
\BOOKMARK [0][-]{chapter.3}{\376\377\000A\000n\000\341\000l\000i\000s\000e\000\040\000T\000\351\000c\000n\000i\000c\000a\000\040\000o\000f\000\040\000a\000r\000g\000m\000i\000n\000m\000a\000x\000.\000m}{part.1}% 23
\BOOKMARK [1][-]{section.3.1}{\376\377\000V\000i\000s\000\343\000o\000\040\000G\000e\000r\000a\000l}{chapter.3}% 24
\BOOKMARK [2][-]{subsection.3.1.1}{\376\377\000O\000b\000j\000e\000t\000i\000v\000o\000\040\000P\000r\000i\000n\000c\000i\000p\000a\000l}{section.3.1}% 25
\BOOKMARK [2][-]{subsection.3.1.2}{\376\377\000T\000i\000p\000o\000\040\000d\000e\000\040\000A\000n\000\341\000l\000i\000s\000e}{section.3.1}% 26
\BOOKMARK [2][-]{subsection.3.1.3}{\376\377\000C\000o\000n\000t\000e\000x\000t\000o\000\040\000M\000a\000t\000e\000m\000\341\000t\000i\000c\000o}{section.3.1}% 27
\BOOKMARK [1][-]{section.3.2}{\376\377\000A\000n\000\341\000l\000i\000s\000e\000\040\000P\000a\000s\000s\000o\000\040\000a\000\040\000P\000a\000s\000s\000o\000\040\000d\000o\000\040\000C\000\363\000d\000i\000g\000o}{chapter.3}% 28
\BOOKMARK [2][-]{subsection.3.2.1}{\376\377\000C\000a\000b\000e\000\347\000a\000l\000h\000o\000\040\000d\000a\000\040\000F\000u\000n\000\347\000\343\000o}{section.3.2}% 29
\BOOKMARK [2][-]{subsection.3.2.2}{\376\377\000O\000r\000d\000e\000n\000a\000\347\000\343\000o\000\040\000d\000o\000s\000\040\000\315\000n\000d\000i\000c\000e\000s}{section.3.2}% 30
\BOOKMARK [2][-]{subsection.3.2.3}{\376\377\000S\000e\000l\000e\000\347\000\343\000o\000\040\000C\000o\000n\000d\000i\000c\000i\000o\000n\000a\000l}{section.3.2}% 31
\BOOKMARK [1][-]{section.3.3}{\376\377\000S\000a\000\355\000d\000a\000s\000\040\000e\000\040\000E\000l\000e\000m\000e\000n\000t\000o\000s\000\040\000V\000i\000s\000u\000a\000i\000s\000\040\000E\000s\000p\000e\000r\000a\000d\000o\000s}{chapter.3}% 32
\BOOKMARK [0][-]{chapter.4}{\376\377\000A\000n\000\341\000l\000i\000s\000e\000\040\000d\000o\000\040\000C\000\363\000d\000i\000g\000o\000\040\000M\000A\000T\000L\000A\000B\000:\000\040\000b\000i\000n\000r\000e\000l\000s\000a\000n\000a\000l\000y\000s\000e\000r\000.\000m}{part.1}% 33
\BOOKMARK [1][-]{section.4.1}{\376\377\000V\000i\000s\000\343\000o\000\040\000G\000e\000r\000a\000l\000\040\000I\000n\000i\000c\000i\000a\000l}{chapter.4}% 34
\BOOKMARK [1][-]{section.4.2}{\376\377\000A\000n\000\341\000l\000i\000s\000e\000\040\000P\000a\000s\000s\000o\000\040\000a\000\040\000P\000a\000s\000s\000o\000\040\000d\000o\000\040\000C\000\363\000d\000i\000g\000o}{chapter.4}% 35
\BOOKMARK [2][-]{subsection.4.2.1}{\376\377\0001\000.\000\040\000T\000\355\000t\000u\000l\000o\000\040\000d\000a\000\040\000S\000e\000c\000\347\000\343\000o\000/\000F\000u\000n\000\347\000\343\000o\000:\000\040\000V\000a\000r\000i\000a\000b\000l\000e\000\040\000I\000n\000i\000t\000i\000a\000l\000i\000z\000a\000t\000i\000o\000n\000\040\000a\000n\000d\000\040\000S\000q\000u\000a\000r\000e\000n\000e\000s\000s\000\040\000C\000h\000e\000c\000k}{section.4.2}% 36
\BOOKMARK [2][-]{subsection.4.2.2}{\376\377\0002\000.\000\040\000T\000\355\000t\000u\000l\000o\000\040\000d\000a\000\040\000S\000e\000c\000\347\000\343\000o\000/\000F\000u\000n\000\347\000\343\000o\000:\000\040\000R\000e\000f\000l\000e\000x\000i\000v\000i\000t\000y\000\040\000C\000h\000e\000c\000k}{section.4.2}% 37
\BOOKMARK [2][-]{subsection.4.2.3}{\376\377\0003\000.\000\040\000T\000\355\000t\000u\000l\000o\000\040\000d\000a\000\040\000S\000e\000c\000\347\000\343\000o\000/\000F\000u\000n\000\347\000\343\000o\000:\000\040\000T\000r\000a\000n\000s\000i\000t\000i\000v\000i\000t\000y\000\040\000C\000h\000e\000c\000k\000\040\000a\000n\000d\000\040\000T\000r\000a\000n\000s\000i\000t\000i\000v\000e\000\040\000C\000l\000o\000s\000u\000r\000e\000\040\000C\000o\000m\000p\000u\000t\000a\000t\000i\000o\000n}{section.4.2}% 38
\BOOKMARK [2][-]{subsection.4.2.4}{\376\377\0004\000.\000\040\000T\000\355\000t\000u\000l\000o\000\040\000d\000a\000\040\000S\000e\000c\000\347\000\343\000o\000/\000F\000u\000n\000\347\000\343\000o\000:\000\040\000S\000y\000m\000m\000e\000t\000r\000y\000\040\000C\000h\000e\000c\000k\000\040\000a\000n\000d\000\040\000E\000q\000u\000i\000v\000a\000l\000e\000n\000c\000e\000\040\000C\000l\000a\000s\000s\000i\000f\000i\000c\000a\000t\000i\000o\000n}{section.4.2}% 39
\BOOKMARK [2][-]{subsection.4.2.5}{\376\377\0005\000.\000\040\000T\000\355\000t\000u\000l\000o\000\040\000d\000a\000\040\000S\000e\000c\000\347\000\343\000o\000/\000F\000u\000n\000\347\000\343\000o\000:\000\040\000A\000n\000t\000i\000-\000S\000y\000m\000m\000e\000t\000r\000y\000\040\000C\000h\000e\000c\000k\000\040\000a\000n\000d\000\040\000P\000a\000r\000t\000i\000a\000l\000\040\000O\000r\000d\000e\000r\000\040\000C\000o\000n\000d\000e\000n\000s\000a\000t\000i\000o\000n}{section.4.2}% 40
\BOOKMARK [1][-]{section.4.3}{\376\377\000S\000a\000\355\000d\000a\000s\000\040\000e\000\040\000E\000l\000e\000m\000e\000n\000t\000o\000s\000\040\000V\000i\000s\000u\000a\000i\000s\000\040\000E\000s\000p\000e\000r\000a\000d\000o\000s}{chapter.4}% 41
\BOOKMARK [0][-]{chapter.5}{\376\377\000A\000n\000\341\000l\000i\000s\000e\000\040\000d\000o\000\040\000C\000\363\000d\000i\000g\000o\000\040\000M\000A\000T\000L\000A\000B\000:\000\040\000c\000o\000e\000q\000.\000m}{part.1}% 42
\BOOKMARK [1][-]{section.5.1}{\376\377\000V\000i\000s\000\343\000o\000\040\000G\000e\000r\000a\000l\000\040\000I\000n\000i\000c\000i\000a\000l}{chapter.5}% 43
\BOOKMARK [1][-]{section.5.2}{\376\377\000A\000n\000\341\000l\000i\000s\000e\000\040\000P\000a\000s\000s\000o\000\040\000a\000\040\000P\000a\000s\000s\000o\000\040\000d\000o\000\040\000C\000\363\000d\000i\000g\000o}{chapter.5}% 44
\BOOKMARK [2][-]{subsection.5.2.1}{\376\377\000F\000u\000n\000\347\000\343\000o\000\040\000D\000e\000f\000i\000n\000i\000t\000i\000o\000n\000\040\000a\000n\000d\000\040\000S\000u\000r\000j\000e\000c\000t\000i\000v\000i\000t\000y\000\040\000C\000h\000e\000c\000k}{section.5.2}% 45
\BOOKMARK [2][-]{subsection.5.2.2}{\376\377\000A\000d\000j\000a\000c\000e\000n\000c\000y\000\040\000M\000a\000t\000r\000i\000z\000\040\000I\000n\000i\000t\000i\000a\000l\000i\000z\000a\000t\000i\000o\000n}{section.5.2}% 46
\BOOKMARK [2][-]{subsection.5.2.3}{\376\377\000T\000r\000a\000n\000s\000i\000t\000i\000v\000e\000\040\000C\000l\000o\000s\000u\000r\000e\000\040\000C\000o\000m\000p\000u\000t\000a\000t\000i\000o\000n}{section.5.2}% 47
\BOOKMARK [2][-]{subsection.5.2.4}{\376\377\000S\000a\000\355\000d\000a\000\040\000E\000x\000t\000r\000a\000c\000t\000i\000o\000n\000:\000\040\000P\000a\000r\000\040\000d\000e\000\040\000K\000e\000r\000n\000e\000l\000\040\000e\000\040\000P\000a\000r\000t\000i\000\347\000\343\000o}{section.5.2}% 48
\BOOKMARK [1][-]{section.5.3}{\376\377\000S\000a\000\355\000d\000a\000s\000\040\000e\000\040\000E\000l\000e\000m\000e\000n\000t\000o\000s\000\040\000V\000i\000s\000u\000a\000i\000s\000\040\000E\000s\000p\000e\000r\000a\000d\000o\000s}{chapter.5}% 49
\BOOKMARK [0][-]{chapter.6}{\376\377\000A\000n\000\341\000l\000i\000s\000e\000\040\000d\000o\000\040\000C\000\363\000d\000i\000g\000o\000\040\000M\000A\000T\000L\000A\000B\000:\000\040\000c\000o\000m\000p\000l\000e\000x\0002\000s\000p\000h\000e\000r\000e\000.\000m}{part.1}% 50
\BOOKMARK [1][-]{section.6.1}{\376\377\000V\000i\000s\000\343\000o\000\040\000G\000e\000r\000a\000l\000\040\000I\000n\000i\000c\000i\000a\000l}{chapter.6}% 51
\BOOKMARK [1][-]{section.6.2}{\376\377\000A\000n\000\341\000l\000i\000s\000e\000\040\000P\000a\000s\000s\000o\000\040\000a\000\040\000P\000a\000s\000s\000o\000\040\000d\000o\000\040\000C\000\363\000d\000i\000g\000o}{chapter.6}% 52
\BOOKMARK [1][-]{section.6.3}{\376\377\000S\000a\000\355\000d\000a\000s\000\040\000e\000\040\000E\000l\000e\000m\000e\000n\000t\000o\000s\000\040\000V\000i\000s\000u\000a\000i\000s\000\040\000E\000s\000p\000e\000r\000a\000d\000o\000s}{chapter.6}% 53
\BOOKMARK [0][-]{chapter.7}{\376\377\000A\000n\000\341\000l\000i\000s\000e\000\040\000d\000o\000\040\000S\000c\000r\000i\000p\000t\000\040\000M\000A\000T\000L\000A\000B\000:\000\040\000C\000o\000n\000j\000u\000g\000a\000t\000i\000o\000n\000\040\000C\000l\000a\000s\000s\000e\000s\000\040\000o\000f\000\040\000E\000n\000d\000o\000m\000a\000p\000s}{part.1}% 54
\BOOKMARK [1][-]{section.7.1}{\376\377\000V\000i\000s\000\343\000o\000\040\000G\000e\000r\000a\000l}{chapter.7}% 55
\BOOKMARK [1][-]{section.7.2}{\376\377\000A\000n\000\341\000l\000i\000s\000e\000\040\000P\000a\000s\000s\000o\000\040\000a\000\040\000P\000a\000s\000s\000o\000\040\000d\000o\000\040\000C\000\363\000d\000i\000g\000o}{chapter.7}% 56
\BOOKMARK [2][-]{subsection.7.2.1}{\376\377\0001\000.\000\040\000I\000n\000i\000t\000i\000a\000l\000i\000z\000a\000t\000i\000o\000n\000\040\000a\000n\000d\000\040\000S\000e\000t\000\040\000D\000e\000f\000i\000n\000i\000t\000i\000o\000n}{section.7.2}% 57
\BOOKMARK [2][-]{subsection.7.2.2}{\376\377\0002\000.\000\040\000M\000a\000p\000p\000i\000n\000g\000\040\000a\000n\000d\000\040\000P\000e\000r\000m\000u\000t\000a\000t\000i\000o\000n\000\040\000M\000a\000t\000r\000i\000z\000\040\000G\000e\000n\000e\000r\000a\000t\000i\000o\000n}{section.7.2}% 58
\BOOKMARK [2][-]{subsection.7.2.3}{\376\377\0003\000.\000\040\000C\000o\000m\000p\000o\000s\000i\000t\000i\000o\000n\000\040\000C\000o\000m\000p\000u\000t\000a\000t\000i\000o\000n\000s\000\040\000\050\000S\000T\000\040\000a\000n\000d\000\040\000T\000S\000b\000a\000r\000\051}{section.7.2}% 59
\BOOKMARK [2][-]{subsection.7.2.4}{\376\377\0004\000.\000\040\000C\000l\000a\000s\000s\000\040\000I\000d\000e\000n\000t\000i\000f\000i\000c\000a\000t\000i\000o\000n\000\040\000L\000o\000o\000p}{section.7.2}% 60
\BOOKMARK [2][-]{subsection.7.2.5}{\376\377\0005\000.\000\040\000V\000a\000l\000i\000d\000a\000t\000i\000o\000n\000\040\000\050\000O\000p\000t\000i\000o\000n\000a\000l\000\051}{section.7.2}% 61
\BOOKMARK [2][-]{subsection.7.2.6}{\376\377\0006\000.\000\040\000V\000i\000s\000u\000a\000l\000i\000z\000i\000n\000g\000\040\000R\000e\000s\000u\000l\000t\000a\000d\000o\000s\000\040\000\050\000s\000h\000o\000w\000m\000e\000t\000h\000e\000m\000a\000p\000s\000\040\000L\000o\000c\000a\000l\000\040\000F\000u\000n\000\347\000\343\000o\000\051}{section.7.2}% 62
\BOOKMARK [1][-]{section.7.3}{\376\377\000S\000a\000\355\000d\000a\000s\000\040\000e\000\040\000E\000l\000e\000m\000e\000n\000t\000o\000s\000\040\000V\000i\000s\000u\000a\000i\000s\000\040\000E\000s\000p\000e\000r\000a\000d\000o\000s}{chapter.7}% 63
\BOOKMARK [0][-]{chapter.8}{\376\377\000A\000n\000\341\000l\000i\000s\000e\000\040\000d\000o\000\040\000C\000\363\000d\000i\000g\000o\000\040\000M\000A\000T\000L\000A\000B\000:\000\040\000d\000i\000g\000r\000a\000p\000h\000.\000m}{part.1}% 64
\BOOKMARK [1][-]{section.8.1}{\376\377\000V\000i\000s\000\343\000o\000\040\000G\000e\000r\000a\000l}{chapter.8}% 65
\BOOKMARK [1][-]{section.8.2}{\376\377\000A\000n\000\341\000l\000i\000s\000e\000\040\000P\000a\000s\000s\000o\000\040\000a\000\040\000P\000a\000s\000s\000o\000\040\000d\000o\000\040\000C\000\363\000d\000i\000g\000o}{chapter.8}% 66
\BOOKMARK [2][-]{subsection.8.2.1}{\376\377\0001\000.\000\040\000F\000u\000n\000\347\000\343\000o\000\040\000D\000e\000f\000i\000n\000i\000t\000i\000o\000n\000\040\000a\000n\000d\000\040\000E\000n\000t\000r\000a\000d\000a\000\040\000V\000a\000l\000i\000d\000a\000t\000i\000o\000n}{section.8.2}% 67
\BOOKMARK [2][-]{subsection.8.2.2}{\376\377\0002\000.\000\040\000E\000d\000g\000e\000\040\000I\000n\000i\000t\000i\000a\000l\000i\000z\000a\000t\000i\000o\000n\000\040\000a\000n\000d\000\040\000E\000x\000t\000r\000a\000c\000t\000i\000o\000n}{section.8.2}% 68
\BOOKMARK [2][-]{subsection.8.2.3}{\376\377\0003\000.\000\040\000U\000n\000i\000q\000u\000e\000\040\000N\000o\000d\000e\000\040\000I\000d\000e\000n\000t\000i\000f\000i\000c\000a\000t\000i\000o\000n\000\040\000a\000n\000d\000\040\000E\000d\000g\000e\000\040\000F\000i\000l\000t\000e\000r\000i\000n\000g}{section.8.2}% 69
\BOOKMARK [2][-]{subsection.8.2.4}{\376\377\0004\000.\000\040\000A\000d\000j\000a\000c\000e\000n\000c\000y\000\040\000a\000n\000d\000\040\000E\000d\000g\000e\000\040\000M\000a\000t\000r\000i\000z\000\040\000C\000o\000n\000s\000t\000r\000u\000c\000t\000i\000o\000n}{section.8.2}% 70
\BOOKMARK [2][-]{subsection.8.2.5}{\376\377\0005\000.\000\040\000E\000x\000e\000m\000p\000l\000o\000\040\000e\000\040\000B\000l\000o\000c\000o\000\040\000d\000e\000\040\000T\000e\000s\000t\000e}{section.8.2}% 71
\BOOKMARK [1][-]{section.8.3}{\376\377\000S\000a\000\355\000d\000a\000s\000\040\000e\000\040\000E\000l\000e\000m\000e\000n\000t\000o\000s\000\040\000V\000i\000s\000u\000a\000i\000s\000\040\000E\000s\000p\000e\000r\000a\000d\000o\000s}{chapter.8}% 72
\BOOKMARK [0][-]{chapter.9}{\376\377\000A\000n\000\341\000l\000i\000s\000e\000\040\000d\000o\000\040\000C\000\363\000d\000i\000g\000o\000\040\000M\000A\000T\000L\000A\000B}{part.1}% 73
\BOOKMARK [1][-]{section.9.1}{\376\377\000V\000i\000s\000\343\000o\000\040\000G\000e\000r\000a\000l}{chapter.9}% 74
\BOOKMARK [2][-]{subsection.9.1.1}{\376\377\000O\000b\000j\000e\000t\000i\000v\000o\000\040\000P\000r\000i\000n\000c\000i\000p\000a\000l}{section.9.1}% 75
\BOOKMARK [2][-]{subsection.9.1.2}{\376\377\000T\000i\000p\000o\000\040\000d\000e\000\040\000A\000n\000\341\000l\000i\000s\000e\000\040\000P\000e\000r\000f\000o\000r\000m\000e\000d}{section.9.1}% 76
\BOOKMARK [2][-]{subsection.9.1.3}{\376\377\000M\000a\000t\000h\000e\000m\000a\000t\000i\000c\000a\000l\000\040\000/\000\040\000T\000h\000e\000o\000r\000e\000t\000i\000c\000a\000l\000\040\000C\000o\000n\000t\000e\000x\000t}{section.9.1}% 77
\BOOKMARK [1][-]{section.9.2}{\376\377\000A\000c\000t\000i\000v\000a\000t\000i\000o\000n\000\040\000F\000u\000n\000\347\000\365\000e\000s}{chapter.9}% 78
\BOOKMARK [2][-]{subsection.9.2.1}{\376\377\000E\000x\000p\000l\000a\000n\000a\000t\000i\000o\000n}{section.9.2}% 79
\BOOKMARK [2][-]{subsection.9.2.2}{\376\377\000C\000o\000d\000e\000\040\000S\000n\000i\000p\000p\000e\000t}{section.9.2}% 80
\BOOKMARK [1][-]{section.9.3}{\376\377\000F\000o\000r\000w\000a\000r\000d\000\040\000A\000p\000r\000o\000v\000a\000d\000o\000\040\000F\000u\000n\000\347\000\343\000o}{chapter.9}% 81
\BOOKMARK [2][-]{subsection.9.3.1}{\376\377\000E\000x\000p\000l\000a\000n\000a\000t\000i\000o\000n}{section.9.3}% 82
\BOOKMARK [2][-]{subsection.9.3.2}{\376\377\000C\000o\000d\000e\000\040\000S\000n\000i\000p\000p\000e\000t}{section.9.3}% 83
\BOOKMARK [1][-]{section.9.4}{\376\377\000B\000a\000c\000k\000p\000r\000o\000p\000a\000g\000a\000t\000i\000o\000n\000\040\000F\000u\000n\000\347\000\343\000o}{chapter.9}% 84
\BOOKMARK [2][-]{subsection.9.4.1}{\376\377\000E\000x\000p\000l\000a\000n\000a\000t\000i\000o\000n}{section.9.4}% 85
\BOOKMARK [2][-]{subsection.9.4.2}{\376\377\000C\000o\000d\000e\000\040\000S\000n\000i\000p\000p\000e\000t}{section.9.4}% 86
\BOOKMARK [1][-]{section.9.5}{\376\377\000D\000e\000s\000e\000m\000p\000e\000n\000h\000o\000\040\000E\000v\000a\000l\000u\000a\000t\000i\000o\000n}{chapter.9}% 87
\BOOKMARK [2][-]{subsection.9.5.1}{\376\377\000E\000x\000p\000l\000a\000n\000a\000t\000i\000o\000n}{section.9.5}% 88
\BOOKMARK [2][-]{subsection.9.5.2}{\376\377\000C\000o\000d\000e\000\040\000S\000n\000i\000p\000p\000e\000t}{section.9.5}% 89
\BOOKMARK [1][-]{section.9.6}{\376\377\000C\000o\000m\000b\000i\000n\000a\000t\000o\000r\000i\000a\000l\000\040\000S\000p\000a\000c\000e\000\040\000C\000o\000n\000s\000t\000r\000u\000c\000t\000i\000o\000n}{chapter.9}% 90
\BOOKMARK [2][-]{subsection.9.6.1}{\376\377\000E\000x\000p\000l\000a\000n\000a\000t\000i\000o\000n}{section.9.6}% 91
\BOOKMARK [2][-]{subsection.9.6.2}{\376\377\000C\000o\000d\000e\000\040\000S\000n\000i\000p\000p\000e\000t}{section.9.6}% 92
\BOOKMARK [1][-]{section.9.7}{\376\377\000C\000o\000m\000p\000l\000e\000x\000\040\000E\000m\000b\000e\000d\000d\000i\000n\000g}{chapter.9}% 93
\BOOKMARK [2][-]{subsection.9.7.1}{\376\377\000E\000x\000p\000l\000a\000n\000a\000t\000i\000o\000n}{section.9.7}% 94
\BOOKMARK [2][-]{subsection.9.7.2}{\376\377\000C\000o\000d\000e\000\040\000S\000n\000i\000p\000p\000e\000t}{section.9.7}% 95
\BOOKMARK [1][-]{section.9.8}{\376\377\000T\000r\000a\000i\000n\000i\000n\000g\000\040\000L\000o\000o\000p}{chapter.9}% 96
\BOOKMARK [2][-]{subsection.9.8.1}{\376\377\000E\000x\000p\000l\000a\000n\000a\000t\000i\000o\000n}{section.9.8}% 97
\BOOKMARK [2][-]{subsection.9.8.2}{\376\377\000C\000o\000d\000e\000\040\000S\000n\000i\000p\000p\000e\000t}{section.9.8}% 98
\BOOKMARK [1][-]{section.9.9}{\376\377\000S\000a\000\355\000d\000a\000s\000\040\000e\000\040\000E\000l\000e\000m\000e\000n\000t\000o\000s\000\040\000V\000i\000s\000u\000a\000i\000s\000\040\000E\000s\000p\000e\000r\000a\000d\000o\000s}{chapter.9}% 99
\BOOKMARK [2][-]{subsection.9.9.1}{\376\377\000C\000o\000m\000p\000l\000e\000x\000\040\000E\000m\000b\000e\000d\000d\000i\000n\000g\000\040\000V\000i\000s\000u\000a\000l\000i\000z\000a\000t\000i\000o\000n}{section.9.9}% 100
\BOOKMARK [2][-]{subsection.9.9.2}{\376\377\000T\000r\000a\000i\000n\000i\000n\000g\000\040\000D\000e\000s\000e\000m\000p\000e\000n\000h\000o\000\040\000G\000r\000\341\000f\000i\000c\000o\000s}{section.9.9}% 101
\BOOKMARK [0][-]{chapter.10}{\376\377\000A\000n\000\341\000l\000i\000s\000e\000\040\000d\000o\000\040\000C\000\363\000d\000i\000g\000o\000\040\000M\000A\000T\000L\000A\000B\000:\000\040\000d\000l\000i\000n\000k\000.\000m}{part.1}% 102
\BOOKMARK [0][-]{chapter.11}{\376\377\000A\000n\000\341\000l\000i\000s\000e\000\040\000d\000o\000\040\000C\000\363\000d\000i\000g\000o\000\040\000M\000A\000T\000L\000A\000B\000:\000\040\000d\000l\000i\000n\000k\000t\000o\000p\000o\000l\000o\000g\000y\000.\000m}{part.1}% 103
\BOOKMARK [1][-]{section.11.1}{\376\377\000V\000i\000s\000\343\000o\000\040\000G\000e\000r\000a\000l}{chapter.11}% 104
\BOOKMARK [1][-]{section.11.2}{\376\377\000A\000n\000\341\000l\000i\000s\000e\000\040\000P\000a\000s\000s\000o\000\040\000a\000\040\000P\000a\000s\000s\000o\000\040\000d\000o\000\040\000C\000\363\000d\000i\000g\000o}{chapter.11}% 105
\BOOKMARK [2][-]{subsection.11.2.1}{\376\377\000F\000u\000n\000\347\000\343\000o\000\040\000S\000i\000g\000n\000a\000t\000u\000r\000e\000\040\000a\000n\000d\000\040\000B\000a\000s\000i\000c\000\040\000I\000n\000i\000t\000i\000a\000l\000i\000z\000a\000t\000i\000o\000n}{section.11.2}% 106
\BOOKMARK [2][-]{subsection.11.2.2}{\376\377\000P\000r\000e\000l\000i\000m\000i\000n\000a\000r\000i\000e\000s\000\040\000a\000n\000d\000\040\000G\000e\000o\000m\000e\000t\000r\000y\000\040\000S\000e\000t\000u\000p}{section.11.2}% 107
\BOOKMARK [2][-]{subsection.11.2.3}{\376\377\000A\000r\000e\000a\000\040\000I\000n\000t\000e\000g\000r\000a\000l\000s}{section.11.2}% 108
\BOOKMARK [2][-]{subsection.11.2.4}{\376\377\000D\000i\000s\000c\000r\000e\000t\000e\000\040\000D\000i\000f\000f\000e\000r\000e\000n\000t\000i\000a\000l\000\040\000O\000p\000e\000r\000a\000t\000o\000r\000s}{section.11.2}% 109
\BOOKMARK [2][-]{subsection.11.2.5}{\376\377\000D\000o\000u\000b\000l\000e\000-\000L\000i\000n\000k\000\040\000S\000t\000r\000u\000c\000t\000u\000r\000e\000\040\000a\000n\000d\000\040\000A\000n\000g\000l\000e\000s}{section.11.2}% 110
\BOOKMARK [2][-]{subsection.11.2.6}{\376\377\000L\000e\000v\000i\000-\000C\000i\000v\000i\000t\000a\000\040\000C\000o\000n\000n\000e\000c\000t\000i\000o\000n\000\040\000a\000n\000d\000\040\000L\000a\000p\000l\000a\000c\000i\000a\000n}{section.11.2}% 111
\BOOKMARK [2][-]{subsection.11.2.7}{\376\377\000T\000o\000p\000o\000l\000o\000g\000i\000c\000a\000l\000\040\000I\000n\000v\000a\000r\000i\000a\000n\000t\000s\000\040\000\050\000V\000e\000r\000t\000i\000c\000e\000s\000\040\000a\000n\000d\000\040\000F\000a\000c\000e\000s\000\051}{section.11.2}% 112
\BOOKMARK [1][-]{section.11.3}{\376\377\000S\000a\000\355\000d\000a\000s\000\040\000e\000\040\000E\000l\000e\000m\000e\000n\000t\000o\000s\000\040\000V\000i\000s\000u\000a\000i\000s\000\040\000E\000s\000p\000e\000r\000a\000d\000o\000s}{chapter.11}% 113
\BOOKMARK [0][-]{chapter.12}{\376\377\000A\000n\000\341\000l\000i\000s\000e\000\040\000d\000o\000\040\000C\000\363\000d\000i\000g\000o\000\040\000M\000A\000T\000L\000A\000B\000:\000\040\000e\000n\000d\000o\000m\000a\000p\000s\000\137\000e\000x\000e\000.\000m}{part.1}% 114
\BOOKMARK [0][-]{chapter.13}{\376\377\000A\000n\000\341\000l\000i\000s\000e\000\040\000d\000o\000\040\000S\000c\000r\000i\000p\000t\000\040\000M\000A\000T\000L\000A\000B\000:\000\040\000E\000n\000d\000o\000m\000a\000p\000s\000a\000n\000a\000l\000y\000s\000e\000r\0003\0000\000A\000b\000r}{part.1}% 115
\BOOKMARK [1][-]{section.13.1}{\376\377\000V\000i\000s\000\343\000o\000\040\000G\000e\000r\000a\000l}{chapter.13}% 116
\BOOKMARK [1][-]{section.13.2}{\376\377\000S\000t\000e\000p\000-\000b\000y\000-\000S\000t\000e\000p\000\040\000C\000o\000d\000e\000\040\000B\000r\000e\000a\000k\000d\000o\000w\000n}{chapter.13}% 117
\BOOKMARK [2][-]{subsection.13.2.1}{\376\377\0001\000.\000\040\000T\000\355\000t\000u\000l\000o\000\040\000d\000a\000\040\000S\000e\000c\000\347\000\343\000o\000/\000F\000u\000n\000\347\000\343\000o\000:\000\040\000I\000n\000i\000t\000i\000a\000l\000i\000z\000a\000t\000i\000o\000n\000\040\000a\000n\000d\000\040\000B\000i\000j\000e\000c\000t\000i\000o\000n\000s}{section.13.2}% 118
\BOOKMARK [2][-]{subsection.13.2.2}{\376\377\0002\000.\000\040\000T\000\355\000t\000u\000l\000o\000\040\000d\000a\000\040\000S\000e\000c\000\347\000\343\000o\000/\000F\000u\000n\000\347\000\343\000o\000:\000\040\000E\000n\000d\000o\000m\000a\000p\000\040\000F\000i\000l\000t\000e\000r\000i\000n\000g\000\040\000a\000n\000d\000\040\000C\000o\000m\000p\000o\000s\000i\000t\000i\000o\000n\000\040\000S\000e\000t\000u\000p}{section.13.2}% 119
\BOOKMARK [2][-]{subsection.13.2.3}{\376\377\0003\000.\000\040\000T\000\355\000t\000u\000l\000o\000\040\000d\000a\000\040\000S\000e\000c\000\347\000\343\000o\000/\000F\000u\000n\000\347\000\343\000o\000:\000\040\000C\000a\000s\000e\000\040\000S\000e\000l\000e\000c\000t\000i\000o\000n\000\040\000\050\000S\000w\000i\000t\000c\000h\000\040\000k\000\051}{section.13.2}% 120
\BOOKMARK [2][-]{subsection.13.2.4}{\376\377\0004\000.\000\040\000T\000\355\000t\000u\000l\000o\000\040\000d\000a\000\040\000S\000e\000c\000\347\000\343\000o\000/\000F\000u\000n\000\347\000\343\000o\000:\000\040\000S\000i\000m\000p\000l\000i\000c\000i\000a\000l\000\040\000R\000e\000l\000a\000t\000i\000o\000n\000\040\000M\000a\000t\000r\000i\000z\000\040\000C\000o\000n\000s\000t\000r\000u\000c\000t\000i\000o\000n}{section.13.2}% 121
\BOOKMARK [2][-]{subsection.13.2.5}{\376\377\0005\000.\000\040\000T\000\355\000t\000u\000l\000o\000\040\000d\000a\000\040\000S\000e\000c\000\347\000\343\000o\000/\000F\000u\000n\000\347\000\343\000o\000:\000\040\000A\000n\000a\000l\000y\000s\000i\000s\000\040\000a\000n\000d\000\040\000V\000i\000s\000u\000a\000l\000i\000z\000a\000t\000i\000o\000n\000\040\000P\000i\000p\000e\000l\000i\000n\000e}{section.13.2}% 122
\BOOKMARK [1][-]{section.13.3}{\376\377\000S\000a\000\355\000d\000a\000s\000\040\000e\000\040\000E\000l\000e\000m\000e\000n\000t\000o\000s\000\040\000V\000i\000s\000u\000a\000i\000s\000\040\000E\000s\000p\000e\000r\000a\000d\000o\000s}{chapter.13}% 123
\BOOKMARK [0][-]{chapter.14}{\376\377\000A\000n\000\341\000l\000i\000s\000e\000\040\000d\000o\000\040\000S\000c\000r\000i\000p\000t\000\040\000M\000A\000T\000L\000A\000B\000:\000\040\000F\000i\000l\000l\000z\000e\000r\000o\000s}{part.1}% 124
\BOOKMARK [1][-]{section.14.1}{\376\377\000V\000i\000s\000\343\000o\000\040\000G\000e\000r\000a\000l}{chapter.14}% 125
\BOOKMARK [1][-]{section.14.2}{\376\377\000S\000t\000e\000p\000-\000b\000y\000-\000S\000t\000e\000p\000\040\000C\000o\000d\000e\000\040\000B\000r\000e\000a\000k\000d\000o\000w\000n}{chapter.14}% 126
\BOOKMARK [2][-]{subsection.14.2.1}{\376\377\0001\000.\000\040\000T\000\355\000t\000u\000l\000o\000\040\000d\000a\000\040\000S\000e\000c\000\347\000\343\000o\000/\000F\000u\000n\000\347\000\343\000o\000:\000\040\000T\000e\000m\000p\000l\000a\000t\000e\000\040\000I\000n\000i\000t\000i\000a\000l\000i\000z\000a\000t\000i\000o\000n\000\040\000a\000n\000d\000\040\000Z\000e\000r\000o\000\040\000D\000e\000t\000e\000c\000t\000i\000o\000n}{section.14.2}% 127
\BOOKMARK [2][-]{subsection.14.2.2}{\376\377\0002\000.\000\040\000T\000\355\000t\000u\000l\000o\000\040\000d\000a\000\040\000S\000e\000c\000\347\000\343\000o\000/\000F\000u\000n\000\347\000\343\000o\000:\000\040\000C\000o\000m\000b\000i\000n\000a\000t\000o\000r\000i\000a\000l\000\040\000G\000r\000i\000d\000\040\000G\000e\000n\000e\000r\000a\000t\000i\000o\000n}{section.14.2}% 128
\BOOKMARK [2][-]{subsection.14.2.3}{\376\377\0003\000.\000\040\000T\000\355\000t\000u\000l\000o\000\040\000d\000a\000\040\000S\000e\000c\000\347\000\343\000o\000/\000F\000u\000n\000\347\000\343\000o\000:\000\040\000M\000a\000t\000r\000i\000z\000\040\000E\000x\000p\000a\000n\000s\000i\000o\000n\000\040\000a\000n\000d\000\040\000W\000i\000l\000d\000c\000a\000r\000d\000\040\000S\000u\000b\000s\000t\000i\000t\000u\000t\000i\000o\000n}{section.14.2}% 129
\BOOKMARK [2][-]{subsection.14.2.4}{\376\377\0004\000.\000\040\000T\000\355\000t\000u\000l\000o\000\040\000d\000a\000\040\000S\000e\000c\000\347\000\343\000o\000/\000F\000u\000n\000\347\000\343\000o\000:\000\040\000R\000e\000s\000o\000l\000u\000t\000i\000o\000n\000\040\000o\000f\000\040\000N\000e\000g\000a\000t\000i\000v\000e\000\040\000P\000o\000i\000n\000t\000e\000r\000s}{section.14.2}% 130
\BOOKMARK [1][-]{section.14.3}{\376\377\000S\000a\000\355\000d\000a\000s\000\040\000e\000\040\000E\000l\000e\000m\000e\000n\000t\000o\000s\000\040\000V\000i\000s\000u\000a\000i\000s\000\040\000E\000s\000p\000e\000r\000a\000d\000o\000s}{chapter.14}% 131
\BOOKMARK [0][-]{chapter.15}{\376\377\000A\000n\000\341\000l\000i\000s\000e\000\040\000d\000o\000\040\000S\000c\000r\000i\000p\000t\000\040\000M\000A\000T\000L\000A\000B\000:\000\040\000G\000r\000a\000f\000o}{part.1}% 132
\BOOKMARK [1][-]{section.15.1}{\376\377\000V\000i\000s\000\343\000o\000\040\000G\000e\000r\000a\000l}{chapter.15}% 133
\BOOKMARK [1][-]{section.15.2}{\376\377\000A\000n\000\341\000l\000i\000s\000e\000\040\000P\000a\000s\000s\000o\000\040\000a\000\040\000P\000a\000s\000s\000o\000\040\000d\000o\000\040\000C\000\363\000d\000i\000g\000o}{chapter.15}% 134
\BOOKMARK [2][-]{subsection.15.2.1}{\376\377\000F\000u\000n\000\347\000\343\000o\000\040\000D\000e\000f\000i\000n\000i\000t\000i\000o\000n\000\040\000a\000n\000d\000\040\000E\000n\000t\000r\000a\000d\000a\000\040\000H\000a\000n\000d\000l\000i\000n\000g}{section.15.2}% 135
\BOOKMARK [2][-]{subsection.15.2.2}{\376\377\000C\000o\000o\000r\000d\000i\000n\000a\000t\000e\000\040\000E\000x\000t\000r\000a\000c\000t\000i\000o\000n}{section.15.2}% 136
\BOOKMARK [2][-]{subsection.15.2.3}{\376\377\000T\000i\000k\000Z\000\040\000H\000e\000a\000d\000e\000r\000\040\000a\000n\000d\000\040\000N\000o\000d\000e\000\040\000G\000e\000n\000e\000r\000a\000t\000i\000o\000n}{section.15.2}% 137
\BOOKMARK [2][-]{subsection.15.2.4}{\376\377\000E\000d\000g\000e\000\040\000G\000e\000n\000e\000r\000a\000t\000i\000o\000n}{section.15.2}% 138
\BOOKMARK [2][-]{subsection.15.2.5}{\376\377\000F\000i\000n\000a\000l\000\040\000C\000o\000n\000c\000a\000t\000e\000n\000a\000t\000i\000o\000n\000\040\000a\000n\000d\000\040\000S\000a\000\355\000d\000a}{section.15.2}% 139
\BOOKMARK [1][-]{section.15.3}{\376\377\000S\000a\000\355\000d\000a\000s\000\040\000e\000\040\000E\000l\000e\000m\000e\000n\000t\000o\000s\000\040\000V\000i\000s\000u\000a\000i\000s\000\040\000E\000s\000p\000e\000r\000a\000d\000o\000s}{chapter.15}% 140
\BOOKMARK [0][-]{chapter.16}{\376\377\000A\000n\000\341\000l\000i\000s\000e\000\040\000d\000o\000\040\000S\000c\000r\000i\000p\000t\000\040\000M\000A\000T\000L\000A\000B\000:\000\040\000G\000u\000i\000d\000e\0004\000c\000l\000a\000s\000s\000e\000s\0002\000n\000d\000w\000e\000e\000k}{part.1}% 141
\BOOKMARK [1][-]{section.16.1}{\376\377\000V\000i\000s\000\343\000o\000\040\000G\000e\000r\000a\000l}{chapter.16}% 142
\BOOKMARK [2][-]{subsection.16.1.1}{\376\377\000O\000b\000j\000e\000t\000i\000v\000o\000\040\000P\000r\000i\000n\000c\000i\000p\000a\000l}{section.16.1}% 143
\BOOKMARK [2][-]{subsection.16.1.2}{\376\377\000T\000i\000p\000o\000\040\000d\000e\000\040\000A\000n\000\341\000l\000i\000s\000e}{section.16.1}% 144
\BOOKMARK [2][-]{subsection.16.1.3}{\376\377\000C\000o\000n\000t\000e\000x\000t\000o\000\040\000M\000a\000t\000e\000m\000\341\000t\000i\000c\000o}{section.16.1}% 145
\BOOKMARK [1][-]{section.16.2}{\376\377\000S\000t\000e\000p\000-\000b\000y\000-\000S\000t\000e\000p\000\040\000A\000n\000a\000l\000y\000s\000i\000s\000:\000\040\000C\000a\000s\000e\000\040\0001\000\040\000\050\000E\000n\000d\000o\000m\000a\000p\000s\000\040\000\046\000\040\000C\000o\000n\000j\000u\000g\000a\000c\000y\000\051}{chapter.16}% 146
\BOOKMARK [2][-]{subsection.16.2.1}{\376\377\000C\000o\000m\000b\000i\000n\000a\000t\000o\000r\000i\000a\000l\000\040\000E\000n\000d\000o\000m\000a\000p\000\040\000G\000e\000n\000e\000r\000a\000t\000i\000o\000n}{section.16.2}% 147
\BOOKMARK [2][-]{subsection.16.2.2}{\376\377\000C\000o\000n\000j\000u\000g\000a\000t\000i\000o\000n\000\040\000R\000e\000l\000a\000t\000i\000o\000n\000\040\000a\000n\000d\000\040\000C\000o\000e\000q\000u\000a\000l\000i\000z\000e\000r}{section.16.2}% 148
\BOOKMARK [1][-]{section.16.3}{\376\377\000S\000t\000e\000p\000-\000b\000y\000-\000S\000t\000e\000p\000\040\000A\000n\000a\000l\000y\000s\000i\000s\000:\000\040\000C\000a\000s\000e\000\040\0002\000\040\000\050\000N\000e\000u\000r\000a\000l\000\040\000N\000e\000t\000w\000o\000r\000k\000\040\000O\000p\000t\000i\000m\000i\000z\000a\000t\000i\000o\000n\000\051}{chapter.16}% 149
\BOOKMARK [2][-]{subsection.16.3.1}{\376\377\000C\000o\000m\000p\000l\000e\000x\000\040\000E\000m\000b\000e\000d\000d\000i\000n\000g\000\040\000\050\000D\000i\000m\000a\000g\000m\000a\000\040\000E\000n\000e\000r\000g\000y\000\051}{section.16.3}% 150
\BOOKMARK [2][-]{subsection.16.3.2}{\376\377\000N\000e\000u\000r\000a\000l\000\040\000N\000e\000t\000w\000o\000r\000k\000\040\000I\000m\000p\000l\000e\000m\000e\000n\000t\000a\000\347\000\343\000o\000\040\000\050\000M\000a\000n\000u\000a\000l\000\051}{section.16.3}% 151
\BOOKMARK [2][-]{subsection.16.3.3}{\376\377\000T\000w\000o\000-\000L\000a\000y\000e\000r\000\040\000S\000i\000g\000m\000o\000i\000d\000\040\000N\000e\000t\000w\000o\000r\000k\000\040\000\050\000C\000h\000a\000t\000G\000P\000T\000\040\000V\000a\000r\000i\000a\000n\000t\000\051}{section.16.3}% 152
\BOOKMARK [1][-]{section.16.4}{\376\377\000S\000a\000\355\000d\000a\000s\000\040\000e\000\040\000E\000l\000e\000m\000e\000n\000t\000o\000s\000\040\000V\000i\000s\000u\000a\000i\000s\000\040\000E\000s\000p\000e\000r\000a\000d\000o\000s}{chapter.16}% 153
\BOOKMARK [0][-]{chapter.17}{\376\377\000A\000n\000\341\000l\000i\000s\000e\000\040\000d\000o\000\040\000S\000c\000r\000i\000p\000t\000\040\000M\000A\000T\000L\000A\000B\000:\000\040\000G\000u\000i\000d\000e\0004\000c\000l\000a\000s\000s\000e\000s\0006}{part.1}% 154
\BOOKMARK [1][-]{section.17.1}{\376\377\000V\000i\000s\000\343\000o\000\040\000G\000e\000r\000a\000l}{chapter.17}% 155
\BOOKMARK [2][-]{subsection.17.1.1}{\376\377\000O\000b\000j\000e\000t\000i\000v\000o\000\040\000P\000r\000i\000n\000c\000i\000p\000a\000l}{section.17.1}% 156
\BOOKMARK [2][-]{subsection.17.1.2}{\376\377\000C\000o\000n\000t\000e\000x\000t\000o\000\040\000M\000a\000t\000e\000m\000\341\000t\000i\000c\000o}{section.17.1}% 157
\BOOKMARK [1][-]{section.17.2}{\376\377\000A\000n\000\341\000l\000i\000s\000e\000\040\000P\000a\000s\000s\000o\000\040\000a\000\040\000P\000a\000s\000s\000o\000\040\000d\000o\000\040\000C\000\363\000d\000i\000g\000o}{chapter.17}% 158
\BOOKMARK [2][-]{subsection.17.2.1}{\376\377\000S\000e\000c\000t\000i\000o\000n\000\040\0001\000:\000\040\000I\000n\000i\000t\000i\000a\000l\000\040\000T\000e\000s\000t\000e\000\040\000o\000f\000\040\000V\000a\000l\000u\000e\000\040\000R\000e\000p\000l\000a\000c\000e\000m\000e\000n\000t}{section.17.2}% 159
\BOOKMARK [2][-]{subsection.17.2.2}{\376\377\000S\000e\000c\000t\000i\000o\000n\000\040\0002\000:\000\040\000G\000e\000n\000e\000r\000a\000t\000i\000o\000n\000\040\000o\000f\000\040\000A\000l\000l\000\040\000E\000n\000d\000o\000m\000a\000p\000s}{section.17.2}% 160
\BOOKMARK [2][-]{subsection.17.2.3}{\376\377\000S\000e\000c\000t\000i\000o\000n\000\040\0003\000:\000\040\000C\000o\000n\000s\000t\000r\000u\000c\000t\000i\000o\000n\000\040\000o\000f\000\040\000t\000h\000e\000\040\000C\000o\000m\000p\000o\000s\000i\000t\000i\000o\000n\000\040\000T\000a\000b\000l\000e\000\040\000\050\000C\000i\000r\000c\000\051}{section.17.2}% 161
\BOOKMARK [2][-]{subsection.17.2.4}{\376\377\000S\000e\000c\000t\000i\000o\000n\000\040\0004\000:\000\040\000I\000d\000e\000n\000t\000i\000f\000i\000c\000a\000t\000i\000o\000n\000\040\000o\000f\000\040\000I\000d\000e\000n\000t\000i\000t\000y\000\040\000a\000n\000d\000\040\000I\000n\000v\000e\000r\000t\000i\000b\000l\000e\000\040\000E\000l\000e\000m\000e\000n\000t\000s}{section.17.2}% 162
\BOOKMARK [2][-]{subsection.17.2.5}{\376\377\000S\000e\000c\000t\000i\000o\000n\000\040\0005\000:\000\040\000C\000o\000n\000j\000u\000g\000a\000t\000i\000o\000n\000\040\000R\000e\000l\000a\000t\000i\000o\000n\000\040\000a\000n\000d\000\040\000Q\000u\000o\000t\000i\000e\000n\000t\000\040\000C\000o\000m\000p\000u\000t\000a\000t\000i\000o\000n}{section.17.2}% 163
\BOOKMARK [1][-]{section.17.3}{\376\377\000S\000a\000\355\000d\000a\000s\000\040\000e\000\040\000E\000l\000e\000m\000e\000n\000t\000o\000s\000\040\000V\000i\000s\000u\000a\000i\000s\000\040\000E\000s\000p\000e\000r\000a\000d\000o\000s}{chapter.17}% 164
\BOOKMARK [0][-]{chapter.18}{\376\377\000A\000n\000\341\000l\000i\000s\000e\000\040\000d\000o\000\040\000S\000c\000r\000i\000p\000t\000\040\000M\000A\000T\000L\000A\000B\000:\000\040\000H\000a\000s\000s\000e}{part.1}% 165
\BOOKMARK [1][-]{section.18.1}{\376\377\000V\000i\000s\000\343\000o\000\040\000G\000e\000r\000a\000l}{chapter.18}% 166
\BOOKMARK [1][-]{section.18.2}{\376\377\000A\000n\000\341\000l\000i\000s\000e\000\040\000P\000a\000s\000s\000o\000\040\000a\000\040\000P\000a\000s\000s\000o\000\040\000d\000o\000\040\000C\000\363\000d\000i\000g\000o}{chapter.18}% 167
\BOOKMARK [1][-]{section.18.3}{\376\377\000S\000a\000\355\000d\000a\000s\000\040\000e\000\040\000E\000l\000e\000m\000e\000n\000t\000o\000s\000\040\000V\000i\000s\000u\000a\000i\000s\000\040\000E\000s\000p\000e\000r\000a\000d\000o\000s}{chapter.18}% 168
\BOOKMARK [0][-]{chapter.19}{\376\377\000A\000n\000a\000l\000y\000s\000i\000s\000\040\000o\000f\000\040\000h\000o\000m\000o\000l\000o\000g\000y\000.\000m}{part.1}% 169
\BOOKMARK [1][-]{section.19.1}{\376\377\000W\000h\000a\000t\000\040\000i\000s\000\040\000t\000h\000e\000\040\000m\000a\000i\000n\000\040\000p\000u\000r\000p\000o\000s\000e\000\040\000o\000f\000\040\000t\000h\000i\000s\000\040\000f\000i\000l\000e\000?}{chapter.19}% 170
\BOOKMARK [1][-]{section.19.2}{\376\377\000W\000h\000a\000t\000\040\000t\000y\000p\000e\000\040\000o\000f\000\040\000a\000n\000a\000l\000y\000s\000i\000s\000\040\000o\000r\000\040\000c\000a\000l\000c\000u\000l\000a\000t\000i\000o\000n\000\040\000d\000o\000e\000s\000\040\000i\000t\000\040\000p\000e\000r\000f\000o\000r\000m\000?}{chapter.19}% 171
\BOOKMARK [1][-]{section.19.3}{\376\377\000W\000h\000a\000t\000\040\000i\000s\000\040\000t\000h\000e\000\040\000m\000a\000t\000h\000e\000m\000a\000t\000i\000c\000a\000l\000/\000t\000h\000e\000o\000r\000e\000t\000i\000c\000a\000l\000\040\000c\000o\000n\000t\000e\000x\000t\000?}{chapter.19}% 172
\BOOKMARK [2][-]{subsection.19.3.1}{\376\377\000F\000u\000n\000\347\000\343\000o\000\040\000I\000n\000i\000t\000i\000a\000l\000i\000z\000a\000t\000i\000o\000n\000\040\000a\000n\000d\000\040\000C\000y\000c\000l\000i\000c\000\040\000P\000r\000o\000c\000e\000s\000s\000i\000n\000g}{section.19.3}% 173
\BOOKMARK [2][-]{subsection.19.3.2}{\376\377\000N\000o\000n\000-\000C\000y\000c\000l\000i\000c\000\040\000H\000o\000m\000o\000l\000o\000g\000y\000\040\000M\000a\000t\000r\000i\000z\000\040\000\050\000H\000n\000c\000\051}{section.19.3}% 174
\BOOKMARK [2][-]{subsection.19.3.3}{\376\377\000G\000e\000o\000m\000e\000t\000r\000i\000c\000\040\000R\000e\000a\000l\000i\000z\000a\000t\000i\000o\000n\000\040\000o\000f\000\040\000T\000r\000e\000e\000s}{section.19.3}% 175
\BOOKMARK [1][-]{section.19.4}{\376\377\000S\000a\000\355\000d\000a\000s\000\040\000e\000\040\000E\000l\000e\000m\000e\000n\000t\000o\000s\000\040\000V\000i\000s\000u\000a\000i\000s\000\040\000E\000s\000p\000e\000r\000a\000d\000o\000s}{chapter.19}% 176
\BOOKMARK [0][-]{chapter.20}{\376\377\000A\000n\000a\000l\000y\000s\000i\000s\000\040\000o\000f\000\040\000i\000s\000o\000s\000l\000i\000c\000e\000.\000m}{part.1}% 177
\BOOKMARK [1][-]{section.20.1}{\376\377\000W\000h\000a\000t\000\040\000i\000s\000\040\000t\000h\000e\000\040\000m\000a\000i\000n\000\040\000p\000u\000r\000p\000o\000s\000e\000\040\000o\000f\000\040\000t\000h\000i\000s\000\040\000f\000i\000l\000e\000?}{chapter.20}% 178
\BOOKMARK [1][-]{section.20.2}{\376\377\000W\000h\000a\000t\000\040\000t\000y\000p\000e\000\040\000o\000f\000\040\000a\000n\000a\000l\000y\000s\000i\000s\000\040\000o\000r\000\040\000c\000a\000l\000c\000u\000l\000a\000t\000i\000o\000n\000\040\000d\000o\000e\000s\000\040\000i\000t\000\040\000p\000e\000r\000f\000o\000r\000m\000?}{chapter.20}% 179
\BOOKMARK [1][-]{section.20.3}{\376\377\000W\000h\000a\000t\000\040\000i\000s\000\040\000t\000h\000e\000\040\000m\000a\000t\000h\000e\000m\000a\000t\000i\000c\000a\000l\000/\000t\000h\000e\000o\000r\000e\000t\000i\000c\000a\000l\000\040\000c\000o\000n\000t\000e\000x\000t\000?}{chapter.20}% 180
\BOOKMARK [2][-]{subsection.20.3.1}{\376\377\000D\000o\000m\000a\000i\000n\000\040\000a\000n\000d\000\040\000S\000l\000i\000c\000i\000n\000g\000\040\000B\000o\000u\000n\000d\000a\000r\000y\000\040\000E\000v\000a\000l\000u\000a\000t\000i\000o\000n}{section.20.3}% 181
\BOOKMARK [2][-]{subsection.20.3.2}{\376\377\000M\000a\000t\000c\000h\000i\000n\000g\000\040\000F\000a\000c\000e\000s\000\040\000a\000n\000d\000\040\000E\000d\000g\000e\000s}{section.20.3}% 182
\BOOKMARK [2][-]{subsection.20.3.3}{\376\377\000P\000a\000r\000a\000m\000e\000t\000r\000i\000c\000\040\000I\000n\000t\000e\000r\000s\000e\000c\000t\000i\000o\000n\000\040\000C\000a\000l\000c\000u\000l\000a\000t\000i\000o\000n}{section.20.3}% 183
\BOOKMARK [1][-]{section.20.4}{\376\377\000S\000a\000\355\000d\000a\000s\000\040\000e\000\040\000E\000l\000e\000m\000e\000n\000t\000o\000s\000\040\000V\000i\000s\000u\000a\000i\000s\000\040\000E\000s\000p\000e\000r\000a\000d\000o\000s}{chapter.20}% 184
\BOOKMARK [0][-]{chapter.21}{\376\377\000A\000n\000a\000l\000y\000s\000i\000s\000\040\000o\000f\000\040\000l\000i\000n\000k\0002\000l\000a\000t\000e\000x\000.\000m}{part.1}% 185
\BOOKMARK [1][-]{section.21.1}{\376\377\000W\000h\000a\000t\000\040\000i\000s\000\040\000t\000h\000e\000\040\000m\000a\000i\000n\000\040\000p\000u\000r\000p\000o\000s\000e\000\040\000o\000f\000\040\000t\000h\000i\000s\000\040\000f\000i\000l\000e\000?}{chapter.21}% 186
\BOOKMARK [1][-]{section.21.2}{\376\377\000W\000h\000a\000t\000\040\000t\000y\000p\000e\000\040\000o\000f\000\040\000a\000n\000a\000l\000y\000s\000i\000s\000\040\000o\000r\000\040\000c\000a\000l\000c\000u\000l\000a\000t\000i\000o\000n\000\040\000d\000o\000e\000s\000\040\000i\000t\000\040\000p\000e\000r\000f\000o\000r\000m\000?}{chapter.21}% 187
\BOOKMARK [1][-]{section.21.3}{\376\377\000W\000h\000a\000t\000\040\000i\000s\000\040\000t\000h\000e\000\040\000m\000a\000t\000h\000e\000m\000a\000t\000i\000c\000a\000l\000/\000t\000h\000e\000o\000r\000e\000t\000i\000c\000a\000l\000\040\000c\000o\000n\000t\000e\000x\000t\000?}{chapter.21}% 188
\BOOKMARK [2][-]{subsection.21.3.1}{\376\377\000C\000o\000o\000r\000d\000i\000n\000a\000t\000e\000\040\000E\000x\000t\000r\000a\000c\000t\000i\000o\000n\000\040\000a\000n\000d\000\040\000F\000o\000r\000m\000a\000t\000t\000i\000n\000g\000\040\000s\000e\000t\000u\000p}{section.21.3}% 189
\BOOKMARK [2][-]{subsection.21.3.2}{\376\377\000N\000o\000d\000e\000\040\000a\000n\000d\000\040\000P\000a\000t\000h\000\040\000G\000e\000n\000e\000r\000a\000t\000i\000o\000n}{section.21.3}% 190
\BOOKMARK [1][-]{section.21.4}{\376\377\000S\000a\000\355\000d\000a\000s\000\040\000e\000\040\000E\000l\000e\000m\000e\000n\000t\000o\000s\000\040\000V\000i\000s\000u\000a\000i\000s\000\040\000E\000s\000p\000e\000r\000a\000d\000o\000s}{chapter.21}% 191
\BOOKMARK [0][-]{chapter.22}{\376\377\000A\000n\000a\000l\000y\000s\000i\000s\000\040\000o\000f\000\040\000h\000a\000s\000s\000e\000.\000m}{part.1}% 192
\BOOKMARK [1][-]{section.22.1}{\376\377\000W\000h\000a\000t\000\040\000i\000s\000\040\000t\000h\000e\000\040\000m\000a\000i\000n\000\040\000p\000u\000r\000p\000o\000s\000e\000\040\000o\000f\000\040\000t\000h\000i\000s\000\040\000f\000i\000l\000e\000?}{chapter.22}% 193
\BOOKMARK [1][-]{section.22.2}{\376\377\000W\000h\000a\000t\000\040\000t\000y\000p\000e\000\040\000o\000f\000\040\000a\000n\000a\000l\000y\000s\000i\000s\000\040\000o\000r\000\040\000c\000a\000l\000c\000u\000l\000a\000t\000i\000o\000n\000\040\000d\000o\000e\000s\000\040\000i\000t\000\040\000p\000e\000r\000f\000o\000r\000m\000?}{chapter.22}% 194
\BOOKMARK [1][-]{section.22.3}{\376\377\000W\000h\000a\000t\000\040\000i\000s\000\040\000t\000h\000e\000\040\000m\000a\000t\000h\000e\000m\000a\000t\000i\000c\000a\000l\000/\000t\000h\000e\000o\000r\000e\000t\000i\000c\000a\000l\000\040\000c\000o\000n\000t\000e\000x\000t\000?}{chapter.22}% 195
\BOOKMARK [2][-]{subsection.22.3.1}{\376\377\000A\000d\000j\000a\000c\000e\000n\000c\000y\000\040\000V\000a\000l\000i\000d\000a\000t\000i\000o\000n\000\040\000a\000n\000d\000\040\000T\000r\000a\000n\000s\000i\000t\000i\000v\000e\000\040\000R\000e\000d\000u\000c\000t\000i\000o\000n}{section.22.3}% 196
\BOOKMARK [2][-]{subsection.22.3.2}{\376\377\000H\000o\000r\000i\000z\000o\000n\000t\000a\000l\000\040\000D\000i\000s\000t\000r\000i\000b\000u\000t\000i\000o\000n}{section.22.3}% 197
\BOOKMARK [1][-]{section.22.4}{\376\377\000S\000a\000\355\000d\000a\000s\000\040\000e\000\040\000E\000l\000e\000m\000e\000n\000t\000o\000s\000\040\000V\000i\000s\000u\000a\000i\000s\000\040\000E\000s\000p\000e\000r\000a\000d\000o\000s}{chapter.22}% 198
\BOOKMARK [0][-]{chapter.23}{\376\377\000A\000n\000a\000l\000y\000s\000i\000s\000\040\000o\000f\000\040\000h\000a\000s\000s\000e\000d\000i\000v\000.\000m}{part.1}% 199
\BOOKMARK [1][-]{section.23.1}{\376\377\000W\000h\000a\000t\000\040\000i\000s\000\040\000t\000h\000e\000\040\000m\000a\000i\000n\000\040\000p\000u\000r\000p\000o\000s\000e\000\040\000o\000f\000\040\000t\000h\000i\000s\000\040\000f\000i\000l\000e\000?}{chapter.23}% 200
\BOOKMARK [1][-]{section.23.2}{\376\377\000W\000h\000a\000t\000\040\000t\000y\000p\000e\000\040\000o\000f\000\040\000a\000n\000a\000l\000y\000s\000i\000s\000\040\000o\000r\000\040\000c\000a\000l\000c\000u\000l\000a\000t\000i\000o\000n\000\040\000d\000o\000e\000s\000\040\000i\000t\000\040\000p\000e\000r\000f\000o\000r\000m\000?}{chapter.23}% 201
\BOOKMARK [1][-]{section.23.3}{\376\377\000W\000h\000a\000t\000\040\000i\000s\000\040\000t\000h\000e\000\040\000m\000a\000t\000h\000e\000m\000a\000t\000i\000c\000a\000l\000/\000t\000h\000e\000o\000r\000e\000t\000i\000c\000a\000l\000\040\000c\000o\000n\000t\000e\000x\000t\000?}{chapter.23}% 202
\BOOKMARK [2][-]{subsection.23.3.1}{\376\377\000D\000i\000v\000i\000s\000i\000b\000i\000l\000i\000t\000y\000\040\000M\000a\000t\000r\000i\000z\000\040\000C\000o\000n\000s\000t\000r\000u\000c\000t\000i\000o\000n}{section.23.3}% 203
\BOOKMARK [2][-]{subsection.23.3.2}{\376\377\000R\000e\000d\000u\000n\000d\000a\000n\000t\000\040\000E\000d\000g\000e\000\040\000P\000r\000u\000n\000i\000n\000g}{section.23.3}% 204
\BOOKMARK [1][-]{section.23.4}{\376\377\000S\000a\000\355\000d\000a\000s\000\040\000e\000\040\000E\000l\000e\000m\000e\000n\000t\000o\000s\000\040\000V\000i\000s\000u\000a\000i\000s\000\040\000E\000s\000p\000e\000r\000a\000d\000o\000s}{chapter.23}% 205
\BOOKMARK [0][-]{chapter.24}{\376\377\000A\000n\000a\000l\000y\000s\000i\000s\000\040\000o\000f\000\040\000h\000a\000s\000s\000e\000p\0007\000.\000m}{part.1}% 206
\BOOKMARK [1][-]{section.24.1}{\376\377\000W\000h\000a\000t\000\040\000i\000s\000\040\000t\000h\000e\000\040\000m\000a\000i\000n\000\040\000p\000u\000r\000p\000o\000s\000e\000\040\000o\000f\000\040\000t\000h\000i\000s\000\040\000f\000i\000l\000e\000?}{chapter.24}% 207
\BOOKMARK [1][-]{section.24.2}{\376\377\000W\000h\000a\000t\000\040\000t\000y\000p\000e\000\040\000o\000f\000\040\000a\000n\000a\000l\000y\000s\000i\000s\000\040\000o\000r\000\040\000c\000a\000l\000c\000u\000l\000a\000t\000i\000o\000n\000\040\000d\000o\000e\000s\000\040\000i\000t\000\040\000p\000e\000r\000f\000o\000r\000m\000?}{chapter.24}% 208
\BOOKMARK [1][-]{section.24.3}{\376\377\000W\000h\000a\000t\000\040\000i\000s\000\040\000t\000h\000e\000\040\000m\000a\000t\000h\000e\000m\000a\000t\000i\000c\000a\000l\000/\000t\000h\000e\000o\000r\000e\000t\000i\000c\000a\000l\000\040\000c\000o\000n\000t\000e\000x\000t\000?}{chapter.24}% 209
\BOOKMARK [2][-]{subsection.24.3.1}{\376\377\000P\000r\000i\000m\000e\000\040\000C\000o\000m\000p\000o\000n\000e\000n\000t\000\040\000M\000a\000p\000p\000i\000n\000g}{section.24.3}% 210
\BOOKMARK [2][-]{subsection.24.3.2}{\376\377\000D\000i\000m\000e\000n\000s\000i\000o\000n\000a\000l\000\040\000G\000r\000i\000d\000\040\000P\000a\000r\000s\000i\000n\000g\000\040\000a\000n\000d\000\040\000N\000o\000d\000e\000\040\000R\000e\000n\000d\000e\000r\000i\000n\000g}{section.24.3}% 211
\BOOKMARK [1][-]{section.24.4}{\376\377\000S\000a\000\355\000d\000a\000s\000\040\000e\000\040\000E\000l\000e\000m\000e\000n\000t\000o\000s\000\040\000V\000i\000s\000u\000a\000i\000s\000\040\000E\000s\000p\000e\000r\000a\000d\000o\000s}{chapter.24}% 212
\BOOKMARK [0][-]{chapter.25}{\376\377\000A\000n\000\341\000l\000i\000s\000e\000\040\000d\000o\000\040\000C\000\363\000d\000i\000g\000o\000\040\000M\000A\000T\000L\000A\000B\000:\000\040\000i\000s\000o\000s\000l\000i\000c\000e\000.\000m}{part.1}% 213
\BOOKMARK [1][-]{section.25.1}{\376\377\000V\000i\000s\000\343\000o\000\040\000G\000e\000r\000a\000l}{chapter.25}% 214
\BOOKMARK [1][-]{section.25.2}{\376\377\000A\000n\000\341\000l\000i\000s\000e\000\040\000P\000a\000s\000s\000o\000\040\000a\000\040\000P\000a\000s\000s\000o\000\040\000d\000o\000\040\000C\000\363\000d\000i\000g\000o}{chapter.25}% 215
\BOOKMARK [1][-]{section.25.3}{\376\377\000S\000a\000\355\000d\000a\000s\000\040\000e\000\040\000E\000l\000e\000m\000e\000n\000t\000o\000s\000\040\000V\000i\000s\000u\000a\000i\000s\000\040\000E\000s\000p\000e\000r\000a\000d\000o\000s}{chapter.25}% 216
\BOOKMARK [0][-]{chapter.26}{\376\377\000A\000n\000\341\000l\000i\000s\000e\000\040\000T\000\351\000c\000n\000i\000c\000a\000\040\000o\000f\000\040\000l\000i\000n\000k\0002\000l\000a\000t\000e\000x\000.\000m}{part.1}% 217
\BOOKMARK [1][-]{section.26.1}{\376\377\000V\000i\000s\000\343\000o\000\040\000G\000e\000r\000a\000l}{chapter.26}% 218
\BOOKMARK [1][-]{section.26.2}{\376\377\000S\000t\000e\000p\000-\000b\000y\000-\000S\000t\000e\000p\000\040\000A\000n\000a\000l\000y\000s\000i\000s}{chapter.26}% 219
\BOOKMARK [2][-]{subsection.26.2.1}{\376\377\000S\000e\000c\000t\000i\000o\000n\000\040\0001\000:\000\040\000T\000a\000r\000g\000e\000t\000\040\000M\000a\000p\000p\000i\000n\000g\000\040\000C\000a\000l\000c\000u\000l\000a\000t\000i\000o\000n}{section.26.2}% 220
\BOOKMARK [2][-]{subsection.26.2.2}{\376\377\000S\000e\000c\000t\000i\000o\000n\000\040\0002\000:\000\040\000N\000o\000d\000e\000\040\000G\000e\000n\000e\000r\000a\000t\000i\000o\000n}{section.26.2}% 221
\BOOKMARK [1][-]{section.26.3}{\376\377\000S\000a\000\355\000d\000a\000s\000\040\000e\000\040\000E\000l\000e\000m\000e\000n\000t\000o\000s\000\040\000V\000i\000s\000u\000a\000i\000s\000\040\000E\000s\000p\000e\000r\000a\000d\000o\000s}{chapter.26}% 222
\BOOKMARK [0][-]{chapter.27}{\376\377\000A\000n\000\341\000l\000i\000s\000e\000\040\000T\000\351\000c\000n\000i\000c\000a\000\040\000o\000f\000\040\000l\000i\000n\000k\000c\000a\000n\000o\000n\000i\000c\000a\000l\000.\000m}{part.1}% 223
\BOOKMARK [1][-]{section.27.1}{\376\377\000V\000i\000s\000\343\000o\000\040\000G\000e\000r\000a\000l}{chapter.27}% 224
\BOOKMARK [1][-]{section.27.2}{\376\377\000S\000t\000e\000p\000-\000b\000y\000-\000S\000t\000e\000p\000\040\000A\000n\000a\000l\000y\000s\000i\000s}{chapter.27}% 225
\BOOKMARK [2][-]{subsection.27.2.1}{\376\377\000S\000e\000c\000t\000i\000o\000n\000\040\0001\000:\000\040\000O\000r\000b\000i\000t\000\040\000D\000e\000c\000o\000m\000p\000o\000s\000i\000t\000i\000o\000n}{section.27.2}% 226
\BOOKMARK [2][-]{subsection.27.2.2}{\376\377\000S\000e\000c\000t\000i\000o\000n\000\040\0002\000:\000\040\000P\000e\000r\000m\000u\000t\000a\000t\000i\000o\000n\000\040\000D\000e\000r\000i\000v\000a\000t\000i\000o\000n}{section.27.2}% 227
\BOOKMARK [1][-]{section.27.3}{\376\377\000S\000a\000\355\000d\000a\000s\000\040\000e\000\040\000E\000l\000e\000m\000e\000n\000t\000o\000s\000\040\000V\000i\000s\000u\000a\000i\000s\000\040\000E\000s\000p\000e\000r\000a\000d\000o\000s}{chapter.27}% 228
\BOOKMARK [0][-]{chapter.28}{\376\377\000A\000n\000\341\000l\000i\000s\000e\000\040\000T\000\351\000c\000n\000i\000c\000a\000\040\000o\000f\000\040\000l\000i\000n\000k\000d\000i\000g\000r\000a\000p\000h\000.\000m}{part.1}% 229
\BOOKMARK [1][-]{section.28.1}{\376\377\000V\000i\000s\000\343\000o\000\040\000G\000e\000r\000a\000l}{chapter.28}% 230
\BOOKMARK [1][-]{section.28.2}{\376\377\000S\000t\000e\000p\000-\000b\000y\000-\000S\000t\000e\000p\000\040\000A\000n\000a\000l\000y\000s\000i\000s}{chapter.28}% 231
\BOOKMARK [2][-]{subsection.28.2.1}{\376\377\000S\000e\000c\000t\000i\000o\000n\000\040\0001\000:\000\040\000D\000i\000g\000r\000a\000p\000h\000\040\000C\000o\000m\000p\000l\000e\000t\000i\000o\000n}{section.28.2}% 232
\BOOKMARK [2][-]{subsection.28.2.2}{\376\377\000S\000e\000c\000t\000i\000o\000n\000\040\0002\000:\000\040\000L\000i\000n\000k\000i\000n\000g\000\040\000M\000a\000p\000\040\000C\000o\000m\000p\000u\000t\000a\000t\000i\000o\000n}{section.28.2}% 233
\BOOKMARK [1][-]{section.28.3}{\376\377\000S\000a\000\355\000d\000a\000s\000\040\000e\000\040\000E\000l\000e\000m\000e\000n\000t\000o\000s\000\040\000V\000i\000s\000u\000a\000i\000s\000\040\000E\000s\000p\000e\000r\000a\000d\000o\000s}{chapter.28}% 234
\BOOKMARK [0][-]{chapter.29}{\376\377\000A\000n\000\341\000l\000i\000s\000e\000\040\000T\000\351\000c\000n\000i\000c\000a\000\040\000o\000f\000\040\000l\000i\000n\000k\000d\000r\000a\000w\000.\000m}{part.1}% 235
\BOOKMARK [1][-]{section.29.1}{\376\377\000V\000i\000s\000\343\000o\000\040\000G\000e\000r\000a\000l}{chapter.29}% 236
\BOOKMARK [1][-]{section.29.2}{\376\377\000S\000t\000e\000p\000-\000b\000y\000-\000S\000t\000e\000p\000\040\000A\000n\000a\000l\000y\000s\000i\000s}{chapter.29}% 237
\BOOKMARK [2][-]{subsection.29.2.1}{\376\377\000S\000e\000c\000t\000i\000o\000n\000\040\0001\000:\000\040\000C\000o\000o\000r\000d\000i\000n\000a\000t\000e\000\040\000S\000t\000a\000n\000d\000a\000r\000d\000i\000z\000a\000t\000i\000o\000n}{section.29.2}% 238
\BOOKMARK [2][-]{subsection.29.2.2}{\376\377\000S\000e\000c\000t\000i\000o\000n\000\040\0002\000:\000\040\000R\000e\000n\000d\000e\000r\000i\000n\000g}{section.29.2}% 239
\BOOKMARK [1][-]{section.29.3}{\376\377\000S\000a\000\355\000d\000a\000s\000\040\000e\000\040\000E\000l\000e\000m\000e\000n\000t\000o\000s\000\040\000V\000i\000s\000u\000a\000i\000s\000\040\000E\000s\000p\000e\000r\000a\000d\000o\000s}{chapter.29}% 240
\BOOKMARK [0][-]{chapter.30}{\376\377\000A\000n\000a\000l\000y\000s\000i\000s\000\040\000o\000f\000\040\000t\000h\000e\000\040\000l\000i\000n\000k\000f\000i\000g\000s\000.\000m\000\040\000M\000A\000T\000L\000A\000B\000\040\000S\000c\000r\000i\000p\000t}{part.1}% 241
\BOOKMARK [1][-]{section.30.1}{\376\377\000V\000i\000s\000\343\000o\000\040\000G\000e\000r\000a\000l}{chapter.30}% 242
\BOOKMARK [1][-]{section.30.2}{\376\377\000S\000t\000e\000p\000-\000b\000y\000-\000S\000t\000e\000p\000\040\000A\000n\000a\000l\000y\000s\000i\000s}{chapter.30}% 243
\BOOKMARK [2][-]{subsection.30.2.1}{\376\377\0001\000.\000\040\000F\000u\000n\000\347\000\343\000o\000\040\000D\000e\000f\000i\000n\000i\000t\000i\000o\000n\000\040\000a\000n\000d\000\040\000I\000n\000i\000t\000i\000a\000l\000i\000z\000a\000t\000i\000o\000n}{section.30.2}% 244
\BOOKMARK [2][-]{subsection.30.2.2}{\376\377\0002\000.\000\040\000C\000a\000s\000e\000\040\000'\000A\000'\000\040\000a\000n\000d\000\040\000'\0001\000'\000\040\000\050\000P\000o\000l\000y\000g\000o\000n\000a\000l\000\040\000S\000h\000a\000p\000e\000s\000\051}{section.30.2}% 245
\BOOKMARK [2][-]{subsection.30.2.3}{\376\377\0003\000.\000\040\000C\000a\000s\000e\000\040\000'\000*\000'\000\040\000a\000n\000d\000\040\000'\000c\000i\000r\000c\000l\000e\000s\000'\000\040\000\050\000E\000x\000p\000o\000n\000e\000n\000t\000i\000a\000l\000\040\000G\000r\000i\000d\000s\000\051}{section.30.2}% 246
\BOOKMARK [2][-]{subsection.30.2.4}{\376\377\0004\000.\000\040\000C\000a\000s\000e\000\040\000'\000M\000'\000\040\000a\000n\000d\000\040\000'\000V\000'\000\040\000\050\000L\000e\000t\000t\000e\000r\000s\000\040\000w\000i\000t\000h\000\040\000F\000i\000x\000e\000d\000\040\000P\000o\000i\000n\000t\000s\000\051}{section.30.2}% 247
\BOOKMARK [2][-]{subsection.30.2.5}{\376\377\0005\000.\000\040\000C\000a\000s\000e\000\040\000'\000l\000i\000n\000e\000'\000\040\000\050\000L\000i\000n\000e\000a\000r\000\040\000I\000n\000t\000e\000r\000p\000o\000l\000a\000t\000i\000o\000n\000\051}{section.30.2}% 248
\BOOKMARK [2][-]{subsection.30.2.6}{\376\377\0006\000.\000\040\000D\000e\000f\000a\000u\000l\000t\000\040\000C\000a\000s\000e\000\040\000\050\000E\000r\000r\000o\000\040\000H\000a\000n\000d\000l\000i\000n\000g\000\051}{section.30.2}% 249
\BOOKMARK [1][-]{section.30.3}{\376\377\000S\000a\000\355\000d\000a\000s\000\040\000e\000\040\000E\000l\000e\000m\000e\000n\000t\000o\000s\000\040\000V\000i\000s\000u\000a\000i\000s\000\040\000E\000s\000p\000e\000r\000a\000d\000o\000s}{chapter.30}% 250
\BOOKMARK [0][-]{chapter.31}{\376\377\000A\000n\000\341\000l\000i\000s\000e\000\040\000T\000\351\000c\000n\000i\000c\000a\000\040\000o\000f\000\040\000M\000A\000T\000L\000A\000B\000\040\000S\000c\000r\000i\000p\000t\000:\000\040\000l\000i\000n\000k\000p\000l\000a\000t\000o\000n\000i\000c\000.\000m}{part.1}% 251
\BOOKMARK [1][-]{section.31.1}{\376\377\000V\000i\000s\000\343\000o\000\040\000G\000e\000r\000a\000l}{chapter.31}% 252
\BOOKMARK [1][-]{section.31.2}{\376\377\000A\000n\000\341\000l\000i\000s\000e\000\040\000P\000a\000s\000s\000o\000\040\000a\000\040\000P\000a\000s\000s\000o\000\040\000d\000o\000\040\000C\000\363\000d\000i\000g\000o}{chapter.31}% 253
\BOOKMARK [2][-]{subsection.31.2.1}{\376\377\000V\000a\000r\000i\000a\000b\000l\000e\000\040\000I\000n\000i\000t\000i\000a\000l\000i\000z\000a\000t\000i\000o\000n\000\040\000a\000n\000d\000\040\000T\000r\000i\000a\000l\000\040\000S\000e\000l\000e\000c\000t\000i\000o\000n}{section.31.2}% 254
\BOOKMARK [2][-]{subsection.31.2.2}{\376\377\000S\000e\000c\000t\000i\000o\000n\000\040\0001\000:\000\040\000T\000e\000t\000r\000a\000h\000e\000d\000r\000o\000n\000\040\000C\000o\000n\000s\000t\000r\000u\000c\000t\000i\000o\000n\000\040\000\050\000T\000r\000i\000a\000l\000\040\0001\000\051}{section.31.2}% 255
\BOOKMARK [2][-]{subsection.31.2.3}{\376\377\000S\000e\000c\000t\000i\000o\000n\000\040\0002\000:\000\040\000N\000-\000g\000o\000n\000a\000l\000\040\000P\000y\000r\000a\000m\000i\000d\000\040\000M\000a\000p\000p\000i\000n\000g\000\040\000\050\000T\000r\000i\000a\000l\000\040\0002\000\051}{section.31.2}% 256
\BOOKMARK [2][-]{subsection.31.2.4}{\376\377\000S\000e\000c\000t\000i\000o\000n\000\040\0003\000:\000\040\000C\000u\000b\000e\000\040\000a\000n\000d\000\040\000P\000r\000i\000s\000m\000\040\000A\000r\000c\000h\000i\000t\000e\000c\000t\000u\000r\000e\000\040\000\050\000T\000r\000i\000a\000l\000\040\0003\000\051}{section.31.2}% 257
\BOOKMARK [1][-]{section.31.3}{\376\377\000S\000a\000\355\000d\000a\000s\000\040\000e\000\040\000E\000l\000e\000m\000e\000n\000t\000o\000s\000\040\000V\000i\000s\000u\000a\000i\000s\000\040\000E\000s\000p\000e\000r\000a\000d\000o\000s}{chapter.31}% 258
\BOOKMARK [0][-]{chapter.32}{\376\377\000A\000n\000\341\000l\000i\000s\000e\000\040\000T\000\351\000c\000n\000i\000c\000a\000\040\000o\000f\000\040\000M\000A\000T\000L\000A\000B\000\040\000S\000c\000r\000i\000p\000t\000:\000\040\000l\000i\000n\000k\000p\000r\000o\000d\0002\000s\000u\000r\000f\000.\000m}{part.1}% 259
\BOOKMARK [1][-]{section.32.1}{\376\377\000V\000i\000s\000\343\000o\000\040\000G\000e\000r\000a\000l}{chapter.32}% 260
\BOOKMARK [1][-]{section.32.2}{\376\377\000A\000n\000\341\000l\000i\000s\000e\000\040\000P\000a\000s\000s\000o\000\040\000a\000\040\000P\000a\000s\000s\000o\000\040\000d\000o\000\040\000C\000\363\000d\000i\000g\000o}{chapter.32}% 261
\BOOKMARK [2][-]{subsection.32.2.1}{\376\377\000S\000e\000c\000t\000i\000o\000n\000\040\0001\000:\000\040\000V\000e\000t\000o\000r\000\040\000O\000r\000i\000e\000n\000t\000a\000t\000i\000o\000n\000\040\000a\000n\000d\000\040\000T\000u\000r\000n\000i\000n\000g\000\040\000L\000o\000g\000i\000c}{section.32.2}% 262
\BOOKMARK [2][-]{subsection.32.2.2}{\376\377\000S\000e\000c\000t\000i\000o\000n\000\040\0002\000:\000\040\000Q\000u\000a\000d\000r\000a\000n\000g\000u\000l\000a\000r\000\040\000F\000a\000c\000e\000\040\000C\000o\000n\000n\000e\000c\000t\000i\000v\000i\000t\000y\000\040\000\050\000Q\000-\000M\000a\000t\000r\000i\000z\000\051}{section.32.2}% 263
\BOOKMARK [2][-]{subsection.32.2.3}{\376\377\000S\000e\000c\000t\000i\000o\000n\000\040\0003\000:\000\040\0003\000D\000\040\000V\000e\000r\000t\000e\000x\000\040\000C\000o\000o\000r\000d\000i\000n\000a\000t\000e\000\040\000C\000a\000l\000c\000u\000l\000a\000t\000i\000o\000n\000\040\000\050\000V\000-\000M\000a\000t\000r\000i\000z\000\051}{section.32.2}% 264
\BOOKMARK [1][-]{section.32.3}{\376\377\000S\000a\000\355\000d\000a\000s\000\040\000e\000\040\000E\000l\000e\000m\000e\000n\000t\000o\000s\000\040\000V\000i\000s\000u\000a\000i\000s\000\040\000E\000s\000p\000e\000r\000a\000d\000o\000s}{chapter.32}% 265
\BOOKMARK [0][-]{chapter.33}{\376\377\000A\000n\000\341\000l\000i\000s\000e\000\040\000T\000\351\000c\000n\000i\000c\000a\000\040\000o\000f\000\040\000M\000A\000T\000L\000A\000B\000\040\000S\000c\000r\000i\000p\000t\000:\000\040\000l\000i\000n\000k\000s\0002\000s\000u\000r\000f\000.\000m}{part.1}% 266
\BOOKMARK [1][-]{section.33.1}{\376\377\000V\000i\000s\000\343\000o\000\040\000G\000e\000r\000a\000l}{chapter.33}% 267
\BOOKMARK [1][-]{section.33.2}{\376\377\000A\000n\000\341\000l\000i\000s\000e\000\040\000P\000a\000s\000s\000o\000\040\000a\000\040\000P\000a\000s\000s\000o\000\040\000d\000o\000\040\000C\000\363\000d\000i\000g\000o}{chapter.33}% 268
\BOOKMARK [2][-]{subsection.33.2.1}{\376\377\000S\000e\000c\000t\000i\000o\000n\000\040\0001\000:\000\040\000V\000a\000r\000i\000a\000b\000l\000e\000\040\000I\000n\000i\000t\000i\000a\000l\000i\000z\000a\000t\000i\000o\000n\000\040\000a\000n\000d\000\040\000M\000e\000s\000h\000\040\000G\000r\000i\000d\000\040\000S\000e\000t\000u\000p}{section.33.2}% 269
\BOOKMARK [2][-]{subsection.33.2.2}{\376\377\000S\000e\000c\000t\000i\000o\000n\000\040\0002\000:\000\040\000T\000a\000n\000g\000e\000n\000t\000\040\000A\000n\000g\000l\000e\000\040\000a\000n\000d\000\040\000S\000c\000a\000l\000i\000n\000g\000/\000T\000r\000a\000n\000s\000l\000a\000t\000i\000o\000n\000\040\000C\000a\000l\000c\000u\000l\000a\000t\000i\000o\000n}{section.33.2}% 270
\BOOKMARK [2][-]{subsection.33.2.3}{\376\377\000S\000e\000c\000t\000i\000o\000n\000\040\0003\000:\000\040\0003\000D\000\040\000V\000e\000r\000t\000e\000x\000\040\000C\000o\000o\000r\000d\000i\000n\000a\000t\000e\000\040\000M\000a\000p\000p\000i\000n\000g}{section.33.2}% 271
\BOOKMARK [1][-]{section.33.3}{\376\377\000S\000a\000\355\000d\000a\000s\000\040\000e\000\040\000E\000l\000e\000m\000e\000n\000t\000o\000s\000\040\000V\000i\000s\000u\000a\000i\000s\000\040\000E\000s\000p\000e\000r\000a\000d\000o\000s}{chapter.33}% 272
\BOOKMARK [0][-]{chapter.34}{\376\377\000A\000n\000\341\000l\000i\000s\000e\000\040\000T\000\351\000c\000n\000i\000c\000a\000\040\000o\000f\000\040\000M\000A\000T\000L\000A\000B\000\040\000F\000u\000n\000\347\000\343\000o\000:\000\040\000l\000i\000n\000k\000s\000e\000c\000t\000i\000o\000n\000.\000m}{part.1}% 273
\BOOKMARK [1][-]{section.34.1}{\376\377\000V\000i\000s\000\343\000o\000\040\000G\000e\000r\000a\000l}{chapter.34}% 274
\BOOKMARK [1][-]{section.34.2}{\376\377\000A\000n\000\341\000l\000i\000s\000e\000\040\000P\000a\000s\000s\000o\000\040\000a\000\040\000P\000a\000s\000s\000o\000\040\000d\000o\000\040\000C\000\363\000d\000i\000g\000o}{chapter.34}% 275
\BOOKMARK [2][-]{subsection.34.2.1}{\376\377\000F\000u\000n\000\347\000\343\000o\000\040\000D\000e\000f\000i\000n\000i\000t\000i\000o\000n\000\040\000a\000n\000d\000\040\000I\000n\000t\000e\000r\000f\000a\000c\000e}{section.34.2}% 276
\BOOKMARK [2][-]{subsection.34.2.2}{\376\377\000I\000m\000p\000l\000e\000m\000e\000n\000t\000a\000\347\000\343\000o\000\040\000S\000t\000a\000t\000u\000s\000\040\000a\000n\000d\000\040\000R\000e\000f\000e\000r\000e\000n\000c\000e}{section.34.2}% 277
\BOOKMARK [1][-]{section.34.3}{\376\377\000S\000a\000\355\000d\000a\000s\000\040\000e\000\040\000E\000l\000e\000m\000e\000n\000t\000o\000s\000\040\000V\000i\000s\000u\000a\000i\000s\000\040\000E\000s\000p\000e\000r\000a\000d\000o\000s}{chapter.34}% 278
\BOOKMARK [0][-]{chapter.35}{\376\377\000A\000n\000\341\000l\000i\000s\000e\000\040\000T\000\351\000c\000n\000i\000c\000a\000\040\000o\000f\000\040\000M\000A\000T\000L\000A\000B\000\040\000F\000u\000n\000\347\000\343\000o\000:\000\040\000m\000o\000b\000i\000o\000u\000s\000.\000m}{part.1}% 279
\BOOKMARK [1][-]{section.35.1}{\376\377\000V\000i\000s\000\343\000o\000\040\000G\000e\000r\000a\000l}{chapter.35}% 280
\BOOKMARK [1][-]{section.35.2}{\376\377\000A\000n\000\341\000l\000i\000s\000e\000\040\000P\000a\000s\000s\000o\000\040\000a\000\040\000P\000a\000s\000s\000o\000\040\000d\000o\000\040\000C\000\363\000d\000i\000g\000o}{chapter.35}% 281
\BOOKMARK [2][-]{subsection.35.2.1}{\376\377\000F\000u\000n\000\347\000\343\000o\000\040\000S\000i\000g\000n\000a\000t\000u\000r\000e\000\040\000a\000n\000d\000\040\000E\000n\000t\000r\000a\000d\000a\000\040\000P\000r\000e\000-\000p\000r\000o\000c\000e\000s\000s\000i\000n\000g}{section.35.2}% 282
\BOOKMARK [2][-]{subsection.35.2.2}{\376\377\000C\000o\000e\000f\000f\000i\000c\000i\000e\000n\000t\000\040\000C\000a\000l\000c\000u\000l\000a\000t\000i\000o\000n\000\040\000v\000i\000a\000\040\000D\000e\000t\000e\000r\000m\000i\000n\000a\000n\000t\000s}{section.35.2}% 283
\BOOKMARK [2][-]{subsection.35.2.3}{\376\377\000T\000r\000a\000n\000s\000f\000o\000r\000m\000a\000t\000i\000o\000n\000\040\000A\000p\000p\000l\000i\000c\000a\000t\000i\000o\000n}{section.35.2}% 284
\BOOKMARK [1][-]{section.35.3}{\376\377\000S\000a\000\355\000d\000a\000s\000\040\000e\000\040\000E\000l\000e\000m\000e\000n\000t\000o\000s\000\040\000V\000i\000s\000u\000a\000i\000s\000\040\000E\000s\000p\000e\000r\000a\000d\000o\000s}{chapter.35}% 285
\BOOKMARK [0][-]{chapter.36}{\376\377\000A\000n\000\341\000l\000i\000s\000e\000\040\000T\000\351\000c\000n\000i\000c\000a\000\040\000o\000f\000\040\000M\000A\000T\000L\000A\000B\000\040\000F\000u\000n\000\347\000\343\000o\000:\000\040\000o\000r\000b\000i\000t\000s\000.\000m}{part.1}% 286
\BOOKMARK [1][-]{section.36.1}{\376\377\000V\000i\000s\000\343\000o\000\040\000G\000e\000r\000a\000l}{chapter.36}% 287
\BOOKMARK [1][-]{section.36.2}{\376\377\000A\000n\000\341\000l\000i\000s\000e\000\040\000P\000a\000s\000s\000o\000\040\000a\000\040\000P\000a\000s\000s\000o\000\040\000d\000o\000\040\000C\000\363\000d\000i\000g\000o}{chapter.36}% 288
\BOOKMARK [2][-]{subsection.36.2.1}{\376\377\000E\000n\000t\000r\000a\000d\000a\000\040\000V\000a\000l\000i\000d\000a\000t\000i\000o\000n\000\040\000a\000n\000d\000\040\000I\000n\000i\000t\000i\000a\000l\000i\000z\000a\000t\000i\000o\000n}{section.36.2}% 289
\BOOKMARK [2][-]{subsection.36.2.2}{\376\377\000I\000n\000i\000t\000i\000a\000l\000\040\000P\000o\000i\000n\000t\000\040\000I\000d\000e\000n\000t\000i\000f\000i\000c\000a\000t\000i\000o\000n}{section.36.2}% 290
\BOOKMARK [2][-]{subsection.36.2.3}{\376\377\000T\000r\000a\000n\000s\000i\000e\000n\000t\000\040\000C\000o\000m\000p\000o\000n\000e\000n\000t\000\040\000T\000r\000a\000v\000e\000r\000s\000a\000l}{section.36.2}% 291
\BOOKMARK [2][-]{subsection.36.2.4}{\376\377\000C\000y\000c\000l\000i\000c\000\040\000O\000r\000b\000i\000t\000\040\000I\000d\000e\000n\000t\000i\000f\000i\000c\000a\000t\000i\000o\000n}{section.36.2}% 292
\BOOKMARK [1][-]{section.36.3}{\376\377\000S\000a\000\355\000d\000a\000s\000\040\000e\000\040\000E\000l\000e\000m\000e\000n\000t\000o\000s\000\040\000V\000i\000s\000u\000a\000i\000s\000\040\000E\000s\000p\000e\000r\000a\000d\000o\000s}{chapter.36}% 293
\BOOKMARK [0][-]{chapter.37}{\376\377\000A\000n\000\341\000l\000i\000s\000e\000\040\000d\000o\000\040\000C\000\363\000d\000i\000g\000o\000\040\000M\000A\000T\000L\000A\000B\000:\000\040\000p\000a\000r\000t\000i\000t\000i\000o\000n\000.\000m}{part.1}% 294
\BOOKMARK [1][-]{section.37.1}{\376\377\000V\000i\000s\000\343\000o\000\040\000G\000e\000r\000a\000l\000\040\000I\000n\000i\000c\000i\000a\000l}{chapter.37}% 295
\BOOKMARK [1][-]{section.37.2}{\376\377\000S\000t\000e\000p\000-\000b\000y\000-\000S\000t\000e\000p\000\040\000A\000n\000a\000l\000y\000s\000i\000s}{chapter.37}% 296
\BOOKMARK [2][-]{subsection.37.2.1}{\376\377\0001\000.\000\040\000T\000\355\000t\000u\000l\000o\000\040\000d\000a\000\040\000S\000e\000c\000\347\000\343\000o\000/\000F\000u\000n\000\347\000\343\000o\000:\000\040\000F\000u\000n\000\347\000\343\000o\000\040\000D\000e\000c\000l\000a\000r\000a\000t\000i\000o\000n\000\040\000a\000n\000d\000\040\000V\000a\000r\000i\000a\000b\000l\000e\000\040\000I\000n\000i\000t\000i\000a\000l\000i\000z\000a\000t\000i\000o\000n}{section.37.2}% 297
\BOOKMARK [2][-]{subsection.37.2.2}{\376\377\0002\000.\000\040\000T\000\355\000t\000u\000l\000o\000\040\000d\000a\000\040\000S\000e\000c\000\347\000\343\000o\000/\000F\000u\000n\000\347\000\343\000o\000:\000\040\000C\000o\000r\000e\000\040\000P\000a\000r\000t\000i\000t\000i\000o\000n\000i\000n\000g\000\040\000L\000o\000g\000i\000c}{section.37.2}% 298
\BOOKMARK [1][-]{section.37.3}{\376\377\000S\000a\000\355\000d\000a\000s\000\040\000e\000\040\000E\000l\000e\000m\000e\000n\000t\000o\000s\000\040\000V\000i\000s\000u\000a\000i\000s\000\040\000E\000s\000p\000e\000r\000a\000d\000o\000s}{chapter.37}% 299
\BOOKMARK [0][-]{chapter.38}{\376\377\000A\000n\000\341\000l\000i\000s\000e\000\040\000d\000o\000\040\000C\000\363\000d\000i\000g\000o\000\040\000M\000A\000T\000L\000A\000B\000:\000\040\000p\000l\000a\000n\000e\0002\000s\000p\000h\000e\000r\000e\000.\000m}{part.1}% 300
\BOOKMARK [1][-]{section.38.1}{\376\377\000C\000o\000d\000e\000\040\000V\000i\000s\000\343\000o\000\040\000G\000e\000r\000a\000l}{chapter.38}% 301
\BOOKMARK [1][-]{section.38.2}{\376\377\000A\000n\000\341\000l\000i\000s\000e\000\040\000P\000a\000s\000s\000o\000\040\000a\000\040\000P\000a\000s\000s\000o\000\040\000d\000o\000\040\000C\000\363\000d\000i\000g\000o}{chapter.38}% 302
\BOOKMARK [2][-]{subsection.38.2.1}{\376\377\0001\000.\000\040\000E\000n\000t\000r\000a\000d\000a\000\040\000P\000a\000r\000s\000i\000n\000g\000\040\000a\000n\000d\000\040\000C\000o\000m\000p\000l\000e\000x\000\040\000N\000u\000m\000b\000e\000r\000\040\000H\000a\000n\000d\000l\000i\000n\000g}{section.38.2}% 303
\BOOKMARK [2][-]{subsection.38.2.2}{\376\377\0002\000.\000\040\000S\000t\000e\000r\000e\000o\000g\000r\000a\000p\000h\000i\000c\000\040\000P\000r\000o\000j\000e\000c\000t\000i\000o\000n\000\040\000M\000a\000p\000p\000i\000n\000g}{section.38.2}% 304
\BOOKMARK [2][-]{subsection.38.2.3}{\376\377\0003\000.\000\040\000S\000i\000n\000g\000u\000l\000a\000r\000i\000t\000y\000\040\000H\000a\000n\000d\000l\000i\000n\000g\000\040\000\050\000T\000h\000e\000\040\000P\000o\000i\000n\000t\000\040\000a\000t\000\040\000I\000n\000f\000i\000n\000i\000t\000y\000\051}{section.38.2}% 305
\BOOKMARK [2][-]{subsection.38.2.4}{\376\377\0004\000.\000\040\000S\000a\000\355\000d\000a\000\040\000A\000g\000g\000r\000e\000g\000a\000t\000i\000o\000n}{section.38.2}% 306
\BOOKMARK [1][-]{section.38.3}{\376\377\000S\000a\000\355\000d\000a\000s\000\040\000e\000\040\000E\000l\000e\000m\000e\000n\000t\000o\000s\000\040\000V\000i\000s\000u\000a\000i\000s\000\040\000E\000s\000p\000e\000r\000a\000d\000o\000s}{chapter.38}% 307
\BOOKMARK [0][-]{chapter.39}{\376\377\000A\000n\000\341\000l\000i\000s\000e\000\040\000d\000o\000\040\000C\000\363\000d\000i\000g\000o\000\040\000M\000A\000T\000L\000A\000B\000:\000\040\000p\000l\000a\000t\000o\000n\000i\000c\000s\000.\000m}{part.1}% 308
\BOOKMARK [1][-]{section.39.1}{\376\377\000V\000i\000s\000\343\000o\000\040\000G\000e\000r\000a\000l}{chapter.39}% 309
\BOOKMARK [2][-]{subsection.39.1.1}{\376\377\000O\000b\000j\000e\000t\000i\000v\000o\000\040\000P\000r\000i\000n\000c\000i\000p\000a\000l}{section.39.1}% 310
\BOOKMARK [2][-]{subsection.39.1.2}{\376\377\000T\000i\000p\000o\000\040\000d\000e\000\040\000A\000n\000\341\000l\000i\000s\000e\000\040\000o\000r\000\040\000C\000a\000l\000c\000u\000l\000a\000t\000i\000o\000n}{section.39.1}% 311
\BOOKMARK [2][-]{subsection.39.1.3}{\376\377\000M\000a\000t\000h\000e\000m\000a\000t\000i\000c\000a\000l\000\040\000a\000n\000d\000\040\000T\000h\000e\000o\000r\000e\000t\000i\000c\000a\000l\000\040\000C\000o\000n\000t\000e\000x\000t}{section.39.1}% 312
\BOOKMARK [1][-]{section.39.2}{\376\377\000S\000t\000e\000p\000-\000b\000y\000-\000S\000t\000e\000p\000\040\000L\000o\000g\000i\000c\000\040\000B\000r\000e\000a\000k\000d\000o\000w\000n}{chapter.39}% 313
\BOOKMARK [2][-]{subsection.39.2.1}{\376\377\0001\000.\000\040\000F\000u\000n\000\347\000\343\000o\000\040\000D\000e\000f\000i\000n\000i\000t\000i\000o\000n\000\040\000a\000n\000d\000\040\000E\000n\000t\000r\000a\000d\000a\000\040\000P\000a\000r\000s\000i\000n\000g}{section.39.2}% 314
\BOOKMARK [2][-]{subsection.39.2.2}{\376\377\0002\000.\000\040\000P\000l\000a\000t\000o\000n\000i\000c\000\040\000S\000o\000l\000i\000d\000\040\000I\000d\000e\000n\000t\000i\000f\000i\000c\000a\000t\000i\000o\000n\000\040\000a\000n\000d\000\040\000B\000a\000s\000e\000\040\000N\000\040\000A\000s\000s\000i\000g\000n\000m\000e\000n\000t}{section.39.2}% 315
\BOOKMARK [2][-]{subsection.39.2.3}{\376\377\0003\000.\000\040\000B\000a\000s\000e\000\040\000P\000o\000l\000y\000g\000o\000n\000\040\000I\000n\000i\000t\000i\000a\000l\000i\000z\000a\000t\000i\000o\000n}{section.39.2}% 316
\BOOKMARK [2][-]{subsection.39.2.4}{\376\377\0004\000.\000\040\000T\000e\000t\000r\000a\000h\000e\000d\000r\000o\000n\000\040\000C\000o\000n\000s\000t\000r\000u\000c\000t\000i\000o\000n\000\040\000\050\000C\000a\000s\000e\000\040\0001\000\051}{section.39.2}% 317
\BOOKMARK [2][-]{subsection.39.2.5}{\376\377\0005\000.\000\040\000C\000u\000b\000e\000\040\000C\000o\000n\000s\000t\000r\000u\000c\000t\000i\000o\000n\000\040\000\050\000C\000a\000s\000e\000\040\0002\000\051}{section.39.2}% 318
\BOOKMARK [2][-]{subsection.39.2.6}{\376\377\0006\000.\000\040\000O\000c\000t\000a\000h\000e\000d\000r\000o\000n\000\040\000C\000o\000n\000s\000t\000r\000u\000c\000t\000i\000o\000n\000\040\000\050\000C\000a\000s\000e\000\040\0003\000\051}{section.39.2}% 319
\BOOKMARK [2][-]{subsection.39.2.7}{\376\377\0007\000.\000\040\000D\000o\000d\000e\000c\000a\000h\000e\000d\000r\000o\000n\000\040\000C\000o\000n\000s\000t\000r\000u\000c\000t\000i\000o\000n\000\040\000\050\000C\000a\000s\000e\000\040\0004\000\051}{section.39.2}% 320
\BOOKMARK [1][-]{section.39.3}{\376\377\000S\000a\000\355\000d\000a\000s\000\040\000e\000\040\000E\000l\000e\000m\000e\000n\000t\000o\000s\000\040\000V\000i\000s\000u\000a\000i\000s\000\040\000E\000s\000p\000e\000r\000a\000d\000o\000s}{chapter.39}% 321
\BOOKMARK [0][-]{chapter.40}{\376\377\000E\000x\000p\000e\000r\000t\000\040\000M\000A\000T\000L\000A\000B\000\040\000A\000n\000a\000l\000y\000s\000i\000s\000:\000\040\000s\000h\000e\000a\000r\000f\000o\000r\000m\000.\000m}{part.1}% 322
\BOOKMARK [0][-]{chapter.41}{\376\377\000A\000n\000\341\000l\000i\000s\000e\000\040\000d\000o\000\040\000C\000\363\000d\000i\000g\000o\000\040\000M\000A\000T\000L\000A\000B\000:\000\040\000s\000h\000o\000w\000m\000e\000t\000h\000e\000m\000a\000p\000s\000.\000m}{part.1}% 323
\BOOKMARK [1][-]{section.41.1}{\376\377\000V\000i\000s\000\343\000o\000\040\000G\000e\000r\000a\000l}{chapter.41}% 324
\BOOKMARK [1][-]{section.41.2}{\376\377\000A\000n\000\341\000l\000i\000s\000e\000\040\000P\000a\000s\000s\000o\000\040\000a\000\040\000P\000a\000s\000s\000o\000\040\000d\000o\000\040\000C\000\363\000d\000i\000g\000o}{chapter.41}% 325
\BOOKMARK [2][-]{subsection.41.2.1}{\376\377\000V\000a\000r\000i\000a\000b\000l\000e\000\040\000I\000n\000i\000t\000i\000a\000l\000i\000z\000a\000t\000i\000o\000n\000\040\000a\000n\000d\000\040\000M\000a\000t\000r\000i\000z\000\040\000S\000i\000z\000i\000n\000g}{section.41.2}% 326
\BOOKMARK [2][-]{subsection.41.2.2}{\376\377\000C\000i\000r\000c\000u\000l\000a\000r\000\040\000N\000o\000d\000e\000\040\000L\000a\000y\000o\000u\000t\000\040\000G\000e\000n\000e\000r\000a\000t\000i\000o\000n}{section.41.2}% 327
\BOOKMARK [2][-]{subsection.41.2.3}{\376\377\000S\000u\000b\000p\000l\000o\000t\000\040\000G\000r\000i\000d\000\040\000S\000i\000z\000i\000n\000g\000\040\000a\000n\000d\000\040\000S\000a\000f\000e\000t\000y\000\040\000C\000h\000e\000c\000k}{section.41.2}% 328
\BOOKMARK [2][-]{subsection.41.2.4}{\376\377\000G\000r\000a\000f\000o\000\040\000P\000l\000o\000t\000t\000i\000n\000g\000\040\000L\000o\000o\000p}{section.41.2}% 329
\BOOKMARK [2][-]{subsection.41.2.5}{\376\377\000C\000o\000m\000p\000l\000e\000t\000i\000o\000n\000\040\000S\000a\000\355\000d\000a}{section.41.2}% 330
\BOOKMARK [1][-]{section.41.3}{\376\377\000S\000a\000\355\000d\000a\000s\000\040\000e\000\040\000E\000l\000e\000m\000e\000n\000t\000o\000s\000\040\000V\000i\000s\000u\000a\000i\000s\000\040\000E\000s\000p\000e\000r\000a\000d\000o\000s}{chapter.41}% 331
\BOOKMARK [0][-]{chapter.42}{\376\377\000A\000n\000\341\000l\000i\000s\000e\000\040\000d\000o\000\040\000C\000\363\000d\000i\000g\000o\000\040\000M\000A\000T\000L\000A\000B\000:\000\040\000s\000l\000e\000r\000p\000.\000m}{part.1}% 332
\BOOKMARK [1][-]{section.42.1}{\376\377\000V\000i\000s\000\343\000o\000\040\000G\000e\000r\000a\000l\000\040\000I\000n\000i\000c\000i\000a\000l}{chapter.42}% 333
\BOOKMARK [1][-]{section.42.2}{\376\377\000A\000n\000\341\000l\000i\000s\000e\000\040\000P\000a\000s\000s\000o\000\040\000a\000\040\000P\000a\000s\000s\000o\000\040\000d\000o\000\040\000C\000\363\000d\000i\000g\000o}{chapter.42}% 334
\BOOKMARK [1][-]{section.42.3}{\376\377\000S\000a\000\355\000d\000a\000s\000\040\000e\000\040\000E\000l\000e\000m\000e\000n\000t\000o\000s\000\040\000V\000i\000s\000u\000a\000i\000s\000\040\000E\000s\000p\000e\000r\000a\000d\000o\000s}{chapter.42}% 335
\BOOKMARK [0][-]{chapter.43}{\376\377\000A\000n\000\341\000l\000i\000s\000e\000\040\000d\000o\000\040\000C\000\363\000d\000i\000g\000o\000\040\000M\000A\000T\000L\000A\000B\000:\000\040\000s\000p\000h\000e\000r\000e\0002\000c\000o\000m\000p\000l\000e\000x\000.\000m}{part.1}% 336
\BOOKMARK [1][-]{section.43.1}{\376\377\000V\000i\000s\000\343\000o\000\040\000G\000e\000r\000a\000l}{chapter.43}% 337
\BOOKMARK [1][-]{section.43.2}{\376\377\000S\000t\000e\000p\000-\000b\000y\000-\000S\000t\000e\000p\000\040\000A\000n\000a\000l\000y\000s\000i\000s}{chapter.43}% 338
\BOOKMARK [1][-]{section.43.3}{\376\377\000S\000a\000\355\000d\000a\000s\000\040\000e\000\040\000E\000l\000e\000m\000e\000n\000t\000o\000s\000\040\000V\000i\000s\000u\000a\000i\000s\000\040\000E\000s\000p\000e\000r\000a\000d\000o\000s}{chapter.43}% 339
\BOOKMARK [0][-]{chapter.44}{\376\377\000A\000n\000\341\000l\000i\000s\000e\000\040\000d\000o\000\040\000C\000\363\000d\000i\000g\000o\000\040\000M\000A\000T\000L\000A\000B\000:\000\040\000s\000p\000h\000e\000r\000e\0002\000p\000l\000a\000n\000e\000.\000m}{part.1}% 340
\BOOKMARK [1][-]{section.44.1}{\376\377\000V\000i\000s\000\343\000o\000\040\000G\000e\000r\000a\000l\000\040\000I\000n\000i\000c\000i\000a\000l}{chapter.44}% 341
\BOOKMARK [2][-]{subsection.44.1.1}{\376\377\000W\000h\000a\000t\000\040\000i\000s\000\040\000t\000h\000e\000\040\000m\000a\000i\000n\000\040\000p\000u\000r\000p\000o\000s\000e\000\040\000o\000f\000\040\000t\000h\000i\000s\000\040\000f\000i\000l\000e\000?}{section.44.1}% 342
\BOOKMARK [2][-]{subsection.44.1.2}{\376\377\000W\000h\000a\000t\000\040\000t\000y\000p\000e\000\040\000o\000f\000\040\000a\000n\000a\000l\000y\000s\000i\000s\000\040\000o\000r\000\040\000c\000a\000l\000c\000u\000l\000a\000t\000i\000o\000n\000\040\000d\000o\000e\000s\000\040\000i\000t\000\040\000p\000e\000r\000f\000o\000r\000m\000?}{section.44.1}% 343
\BOOKMARK [2][-]{subsection.44.1.3}{\376\377\000W\000h\000a\000t\000\040\000i\000s\000\040\000t\000h\000e\000\040\000m\000a\000t\000h\000e\000m\000a\000t\000i\000c\000a\000l\000/\000t\000h\000e\000o\000r\000e\000t\000i\000c\000a\000l\000\040\000c\000o\000n\000t\000e\000x\000t\000?}{section.44.1}% 344
\BOOKMARK [1][-]{section.44.2}{\376\377\000S\000t\000e\000p\000-\000b\000y\000-\000S\000t\000e\000p\000\040\000C\000o\000d\000e\000\040\000B\000r\000e\000a\000k\000d\000o\000w\000n}{chapter.44}% 345
\BOOKMARK [2][-]{subsection.44.2.1}{\376\377\0001\000.\000\040\000F\000u\000n\000\347\000\343\000o\000\040\000D\000e\000f\000i\000n\000i\000t\000i\000o\000n\000\040\000a\000n\000d\000\040\000P\000r\000o\000j\000e\000c\000t\000i\000o\000n\000\040\000L\000o\000g\000i\000c}{section.44.2}% 346
\BOOKMARK [1][-]{section.44.3}{\376\377\000S\000a\000\355\000d\000a\000s\000\040\000e\000\040\000E\000l\000e\000m\000e\000n\000t\000o\000s\000\040\000V\000i\000s\000u\000a\000i\000s\000\040\000E\000s\000p\000e\000r\000a\000d\000o\000s}{chapter.44}% 347
\BOOKMARK [0][-]{chapter.45}{\376\377\000A\000n\000\341\000l\000i\000s\000e\000\040\000d\000o\000\040\000C\000\363\000d\000i\000g\000o\000\040\000M\000A\000T\000L\000A\000B\000:\000\040\000s\000t\000l\000r\000e\000a\000d\000.\000m}{part.1}% 348
\BOOKMARK [1][-]{section.45.1}{\376\377\000V\000i\000s\000\343\000o\000\040\000G\000e\000r\000a\000l\000\040\000I\000n\000i\000c\000i\000a\000l}{chapter.45}% 349
\BOOKMARK [1][-]{section.45.2}{\376\377\000A\000n\000\341\000l\000i\000s\000e\000\040\000P\000a\000s\000s\000o\000\040\000a\000\040\000P\000a\000s\000s\000o\000\040\000d\000o\000\040\000C\000\363\000d\000i\000g\000o}{chapter.45}% 350
\BOOKMARK [2][-]{subsection.45.2.1}{\376\377\0001\000.\000\040\000F\000u\000n\000\347\000\343\000o\000\040\000I\000n\000i\000t\000i\000a\000l\000i\000z\000a\000t\000i\000o\000n\000\040\000a\000n\000d\000\040\000A\000r\000g\000u\000m\000e\000n\000t\000\040\000P\000r\000o\000c\000e\000s\000s\000i\000n\000g}{section.45.2}% 351
\BOOKMARK [2][-]{subsection.45.2.2}{\376\377\0002\000.\000\040\000F\000i\000c\000h\000e\000i\000r\000o\000\040\000O\000p\000e\000n\000i\000n\000g\000\040\000a\000n\000d\000\040\000H\000e\000a\000d\000e\000r\000\040\000E\000x\000t\000r\000a\000c\000t\000i\000o\000n}{section.45.2}% 352
\BOOKMARK [2][-]{subsection.45.2.3}{\376\377\0003\000.\000\040\000M\000e\000m\000o\000r\000y\000\040\000P\000r\000e\000a\000l\000l\000o\000c\000a\000t\000i\000o\000n}{section.45.2}% 353
\BOOKMARK [2][-]{subsection.45.2.4}{\376\377\0004\000.\000\040\000B\000i\000n\000a\000r\000y\000\040\000D\000a\000d\000o\000s\000\040\000E\000x\000t\000r\000a\000c\000t\000i\000o\000n\000\040\000\050\000V\000e\000r\000t\000i\000c\000e\000s\000\040\000a\000n\000d\000\040\000C\000o\000l\000o\000r\000s\000\051}{section.45.2}% 354
\BOOKMARK [2][-]{subsection.45.2.5}{\376\377\0005\000.\000\040\000G\000e\000o\000m\000e\000t\000r\000i\000c\000\040\000R\000e\000s\000h\000a\000p\000i\000n\000g\000\040\000a\000n\000d\000\040\000G\000r\000a\000f\000o\000\040\000C\000o\000n\000s\000t\000r\000u\000c\000t\000i\000o\000n}{section.45.2}% 355
\BOOKMARK [2][-]{subsection.45.2.6}{\376\377\0006\000.\000\040\000B\000i\000t\000w\000i\000s\000e\000\040\000C\000o\000l\000o\000r\000\040\000D\000e\000c\000o\000d\000i\000n\000g}{section.45.2}% 356
\BOOKMARK [1][-]{section.45.3}{\376\377\000S\000a\000\355\000d\000a\000s\000\040\000e\000\040\000E\000l\000e\000m\000e\000n\000t\000o\000s\000\040\000V\000i\000s\000u\000a\000i\000s\000\040\000E\000s\000p\000e\000r\000a\000d\000o\000s}{chapter.45}% 357
\BOOKMARK [0][-]{chapter.46}{\376\377\000A\000n\000\341\000l\000i\000s\000e\000\040\000d\000o\000\040\000C\000\363\000d\000i\000g\000o\000\040\000M\000A\000T\000L\000A\000B\000:\000\040\000t\000h\000e\000c\000o\000m\000p\000l\000e\000x\000p\000l\000a\000n\000e\000.\000m}{part.1}% 358
\BOOKMARK [1][-]{section.46.1}{\376\377\000V\000i\000s\000\343\000o\000\040\000G\000e\000r\000a\000l}{chapter.46}% 359
\BOOKMARK [1][-]{section.46.2}{\376\377\000A\000n\000\341\000l\000i\000s\000e\000\040\000P\000a\000s\000s\000o\000\040\000a\000\040\000P\000a\000s\000s\000o\000\040\000d\000o\000\040\000C\000\363\000d\000i\000g\000o}{chapter.46}% 360
\BOOKMARK [2][-]{subsection.46.2.1}{\376\377\0001\000.\000\040\000T\000\355\000t\000u\000l\000o\000\040\000d\000a\000\040\000S\000e\000c\000\347\000\343\000o\000/\000F\000u\000n\000\347\000\343\000o\000:\000\040\000C\000a\000r\000d\000i\000n\000a\000l\000i\000t\000y\000\040\000I\000n\000i\000t\000i\000a\000l\000i\000z\000a\000t\000i\000o\000n}{section.46.2}% 361
\BOOKMARK [2][-]{subsection.46.2.2}{\376\377\0002\000.\000\040\000T\000\355\000t\000u\000l\000o\000\040\000d\000a\000\040\000S\000e\000c\000\347\000\343\000o\000/\000F\000u\000n\000\347\000\343\000o\000:\000\040\000B\000i\000j\000e\000c\000t\000i\000o\000n\000s\000\040\000\050\000i\0002\000s\000\040\000a\000n\000d\000\040\000s\0002\000i\000\051}{section.46.2}% 362
\BOOKMARK [2][-]{subsection.46.2.3}{\376\377\0003\000.\000\040\000T\000\355\000t\000u\000l\000o\000\040\000d\000a\000\040\000S\000e\000c\000\347\000\343\000o\000/\000F\000u\000n\000\347\000\343\000o\000:\000\040\000A\000u\000x\000i\000l\000i\000a\000r\000y\000\040\000M\000a\000p\000\040\000f\000:\000\040\000X\000\040\000Z}{section.46.2}% 363
\BOOKMARK [2][-]{subsection.46.2.4}{\376\377\0004\000.\000\040\000T\000\355\000t\000u\000l\000o\000\040\000d\000a\000\040\000S\000e\000c\000\347\000\343\000o\000/\000F\000u\000n\000\347\000\343\000o\000:\000\040\000A\000u\000x\000i\000l\000i\000a\000r\000y\000\040\000M\000a\000p\000\040\000g\000:\000\040\000B\000\040\000C}{section.46.2}% 364
\BOOKMARK [2][-]{subsection.46.2.5}{\376\377\0005\000.\000\040\000T\000\355\000t\000u\000l\000o\000\040\000d\000a\000\040\000S\000e\000c\000\347\000\343\000o\000/\000F\000u\000n\000\347\000\343\000o\000:\000\040\000T\000h\000e\000\040\000C\000o\000m\000p\000l\000e\000x\000\040\000M\000a\000p\000\040\000F\000:\000\040\000A\000\040\000C}{section.46.2}% 365
\BOOKMARK [2][-]{subsection.46.2.6}{\376\377\0006\000.\000\040\000T\000\355\000t\000u\000l\000o\000\040\000d\000a\000\040\000S\000e\000c\000\347\000\343\000o\000/\000F\000u\000n\000\347\000\343\000o\000:\000\040\000E\000x\000a\000m\000p\000l\000e\000\040\000E\000x\000e\000c\000u\000t\000i\000o\000n\000\040\000a\000n\000d\000\040\000P\000l\000o\000t\000t\000i\000n\000g}{section.46.2}% 366
\BOOKMARK [1][-]{section.46.3}{\376\377\000S\000a\000\355\000d\000a\000s\000\040\000e\000\040\000E\000l\000e\000m\000e\000n\000t\000o\000s\000\040\000V\000i\000s\000u\000a\000i\000s\000\040\000E\000s\000p\000e\000r\000a\000d\000o\000s}{chapter.46}% 367
\BOOKMARK [0][-]{chapter.47}{\376\377\000M\000A\000T\000L\000A\000B\000\040\000F\000i\000c\000h\000e\000i\000r\000o\000\040\000A\000n\000a\000l\000y\000s\000i\000s\000:\000\040\000t\000o\000r\000u\000s\000k\000n\000o\000t\000.\000m}{part.1}% 368
\BOOKMARK [0][-]{chapter.48}{\376\377\000A\000n\000\341\000l\000i\000s\000e\000\040\000d\000o\000\040\000C\000\363\000d\000i\000g\000o\000\040\000M\000A\000T\000L\000A\000B\000:\000\040\000t\000r\000i\0002\000l\000i\000n\000k\000.\000m}{part.1}% 369
\BOOKMARK [1][-]{section.48.1}{\376\377\000V\000i\000s\000\343\000o\000\040\000G\000e\000r\000a\000l}{chapter.48}% 370
\BOOKMARK [1][-]{section.48.2}{\376\377\000A\000n\000\341\000l\000i\000s\000e\000\040\000P\000a\000s\000s\000o\000\040\000a\000\040\000P\000a\000s\000s\000o\000\040\000d\000o\000\040\000C\000\363\000d\000i\000g\000o}{chapter.48}% 371
\BOOKMARK [2][-]{subsection.48.2.1}{\376\377\0001\000.\000\040\000S\000e\000t\000u\000p\000\040\000a\000n\000d\000\040\000V\000a\000r\000i\000a\000b\000l\000e\000\040\000I\000n\000i\000t\000i\000a\000l\000i\000z\000a\000t\000i\000o\000n}{section.48.2}% 372
\BOOKMARK [2][-]{subsection.48.2.2}{\376\377\0002\000.\000\040\000T\000o\000p\000o\000l\000o\000g\000i\000c\000a\000l\000\040\000M\000a\000p\000p\000i\000n\000g\000\040\000\050\000s\000\040\000a\000n\000d\000\040\000\051}{section.48.2}% 373
\BOOKMARK [2][-]{subsection.48.2.3}{\376\377\0003\000.\000\040\000G\000e\000o\000m\000e\000t\000r\000i\000c\000\040\000C\000a\000l\000c\000u\000l\000a\000t\000i\000o\000n\000s\000\040\000\050\000g\000\051}{section.48.2}% 374
\BOOKMARK [1][-]{section.48.3}{\376\377\000S\000a\000\355\000d\000a\000s\000\040\000e\000\040\000E\000l\000e\000m\000e\000n\000t\000o\000s\000\040\000V\000i\000s\000u\000a\000i\000s\000\040\000E\000s\000p\000e\000r\000a\000d\000o\000s}{chapter.48}% 375
\BOOKMARK [0][-]{chapter.49}{\376\377\000M\000A\000T\000L\000A\000B\000\040\000T\000u\000r\000i\000n\000g\000\040\000M\000a\000c\000h\000i\000n\000e\000\040\000S\000i\000m\000u\000l\000a\000t\000o\000r\000\040\000A\000n\000a\000l\000y\000s\000i\000s}{part.1}% 376
\BOOKMARK [-1][-]{part.2}{\376\377\000I\000I\000\040\000T\000e\000s\000t\000e\000s\000\040\000C\000o\000n\000t\000r\000o\000l\000a\000d\000o\000s\000,\000\040\000R\000e\000s\000u\000l\000t\000a\000d\000o\000s\000\040\000e\000\040\000C\000o\000n\000c\000l\000u\000s\000\365\000e\000s}{}% 377
\BOOKMARK [0][-]{chapter.50}{\376\377\000o\000r\000b\000i\000t\000s\000.\000m}{part.2}% 378
\BOOKMARK [0][-]{chapter.51}{\376\377\000c\000o\000e\000q\000.\000m}{part.2}% 379
\BOOKMARK [0][-]{chapter.52}{\376\377\000a\000n\000a\000l\000y\000z\000e\000r\000e\000l\000a\000t\000i\000o\000n\000.\000m}{part.2}% 380
\BOOKMARK [0][-]{chapter.53}{\376\377\000b\000i\000n\000r\000e\000l\000s\000a\000n\000a\000l\000y\000s\000e\000r\000.\000m}{part.2}% 381
\BOOKMARK [0][-]{chapter.54}{\376\377\000h\000o\000m\000o\000l\000o\000g\000y\000.\000m}{part.2}% 382
\BOOKMARK [0][-]{chapter.55}{\376\377\000f\000i\000l\000l\000z\000e\000r\000o\000s\000.\000m}{part.2}% 383
\BOOKMARK [0][-]{chapter.56}{\376\377\000p\000a\000r\000t\000i\000t\000i\000o\000n\000.\000m}{part.2}% 384
\BOOKMARK [0][-]{chapter.57}{\376\377\000a\000r\000g\000m\000i\000n\000m\000a\000x\000.\000m}{part.2}% 385
\BOOKMARK [0][-]{chapter.58}{\376\377\000p\000l\000a\000n\000e\0002\000s\000p\000h\000e\000r\000e\000.\000m\000\040\000a\000n\000d\000\040\000s\000p\000h\000e\000r\000e\0002\000p\000l\000a\000n\000e\000.\000m}{part.2}% 386
\BOOKMARK [0][-]{chapter.59}{\376\377\000c\000o\000m\000p\000l\000e\000x\0002\000s\000p\000h\000e\000r\000e\000.\000m\000\040\000a\000n\000d\000\040\000s\000p\000h\000e\000r\000e\0002\000c\000o\000m\000p\000l\000e\000x\000.\000m}{part.2}% 387
\BOOKMARK [0][-]{chapter.60}{\376\377\000s\000l\000e\000r\000p\000.\000m}{part.2}% 388
\BOOKMARK [0][-]{chapter.61}{\376\377\000m\000o\000b\000i\000o\000u\000s\000.\000m}{part.2}% 389
\BOOKMARK [0][-]{chapter.62}{\376\377\000t\000h\000e\000c\000o\000m\000p\000l\000e\000x\000p\000l\000a\000n\000e\000.\000m}{part.2}% 390
\BOOKMARK [0][-]{chapter.63}{\376\377\000h\000a\000s\000s\000e\000.\000m}{part.2}% 391
\BOOKMARK [0][-]{chapter.64}{\376\377\000h\000a\000s\000s\000e\000d\000i\000v\000.\000m}{part.2}% 392
\BOOKMARK [0][-]{chapter.65}{\376\377\000h\000a\000s\000s\000e\000p\0007\000.\000m}{part.2}% 393
\BOOKMARK [0][-]{chapter.66}{\376\377\000l\000i\000n\000k\000c\000a\000n\000o\000n\000i\000c\000a\000l\000.\000m}{part.2}% 394
\BOOKMARK [0][-]{chapter.67}{\376\377\000l\000i\000n\000k\000d\000i\000g\000r\000a\000p\000h\000.\000m}{part.2}% 395
\BOOKMARK [0][-]{chapter.68}{\376\377\000l\000i\000n\000k\000d\000r\000a\000w\000.\000m}{part.2}% 396
\BOOKMARK [0][-]{chapter.69}{\376\377\000l\000i\000n\000k\000f\000i\000g\000s\000.\000m}{part.2}% 397
\BOOKMARK [0][-]{chapter.70}{\376\377\000l\000i\000n\000k\000o\000f\000f\000s\000e\000t\000.\000m}{part.2}% 398
\BOOKMARK [0][-]{chapter.71}{\376\377\000l\000i\000n\000k\000p\000i\000c\000t\000u\000r\000e\000s\000.\000m}{part.2}% 399
\BOOKMARK [0][-]{chapter.72}{\376\377\000l\000i\000n\000k\000p\000l\000a\000t\000o\000n\000i\000c\000.\000m}{part.2}% 400
\BOOKMARK [0][-]{chapter.73}{\376\377\000l\000i\000n\000k\000p\000r\000o\000d\0002\000s\000u\000r\000f\000.\000m}{part.2}% 401
\BOOKMARK [0][-]{chapter.74}{\376\377\000l\000i\000n\000k\000s\0002\000s\000u\000r\000f\000.\000m}{part.2}% 402
\BOOKMARK [0][-]{chapter.75}{\376\377\000l\000i\000n\000k\000s\000e\000c\000t\000i\000o\000n\000.\000m}{part.2}% 403
\BOOKMARK [0][-]{chapter.76}{\376\377\000g\000r\000a\000p\000h\0002\000l\000a\000t\000e\000x\000.\000m\000\040\000a\000n\000d\000\040\000l\000i\000n\000k\0002\000l\000a\000t\000e\000x\000.\000m}{part.2}% 404
\BOOKMARK [0][-]{chapter.77}{\376\377\000i\000s\000o\000s\000l\000i\000c\000e\000.\000m}{part.2}% 405
\BOOKMARK [0][-]{chapter.78}{\376\377\000p\000l\000a\000t\000o\000n\000i\000c\000s\000.\000m}{part.2}% 406
\BOOKMARK [0][-]{chapter.79}{\376\377\000s\000h\000e\000a\000r\000f\000o\000r\000m\000.\000m}{part.2}% 407
\BOOKMARK [0][-]{chapter.80}{\376\377\000s\000h\000o\000w\000m\000e\000t\000h\000e\000m\000a\000p\000s\000.\000m}{part.2}% 408
\BOOKMARK [0][-]{chapter.81}{\376\377\000s\000t\000l\000r\000e\000a\000d\000.\000m}{part.2}% 409
\BOOKMARK [0][-]{chapter.82}{\376\377\000t\000o\000r\000u\000s\000k\000n\000o\000t\000.\000m}{part.2}% 410
\BOOKMARK [0][-]{chapter.83}{\376\377\000t\000r\000i\0002\000l\000i\000n\000k\000.\000m}{part.2}% 411
\BOOKMARK [0][-]{chapter.84}{\376\377\000d\000l\000i\000n\000k\000t\000o\000p\000o\000l\000o\000g\000y\000.\000m}{part.2}% 412
\BOOKMARK [0][-]{chapter.85}{\376\377\000e\000n\000d\000o\000m\000a\000p\000s\000\137\000e\000x\000e\000.\000m}{part.2}% 413
\BOOKMARK [0][-]{chapter.86}{\376\377\000e\000n\000d\000o\000m\000a\000p\000s\000a\000n\000a\000l\000y\000z\000e\000r\000.\000m\000\040\000a\000n\000d\000\040\000e\000n\000d\000o\000m\000a\000p\000s\000a\000n\000a\000l\000y\000z\000e\000r\0003\0000\000A\000b\000r\000.\000m}{part.2}% 414
\BOOKMARK [0][-]{chapter.87}{\376\377\000d\000i\000m\000a\000g\000m\000a\000e\000n\000e\000r\000g\000y\000.\000m}{part.2}% 415
\BOOKMARK [0][-]{chapter.88}{\376\377\000c\000o\000n\000j\000c\000l\000a\000s\000s\000e\000s\000.\000m}{part.2}% 416
\BOOKMARK [0][-]{chapter.89}{\376\377\000d\000i\000g\000r\000a\000p\000h\000.\000m}{part.2}% 417
\BOOKMARK [0][-]{chapter.90}{\376\377\000d\000l\000i\000n\000k\000.\000m}{part.2}% 418
\BOOKMARK [0][-]{chapter.91}{\376\377\000a\000n\000o\000n\000y\000m\000o\000u\000s\000.\000m}{part.2}% 419
\BOOKMARK [0][-]{chapter.92}{\376\377\000g\000u\000i\000d\000e\0004\000c\000l\000a\000s\000s\000e\000s\0002\000n\000d\000w\000e\000e\000k\000.\000m}{part.2}% 420
\BOOKMARK [0][-]{chapter.93}{\376\377\000g\000u\000i\000d\000e\0004\000c\000l\000a\000s\000s\000e\000s\0006\000.\000m}{part.2}% 421
\BOOKMARK [0][-]{chapter.94}{\376\377\000t\000u\000r\000i\000n\000g\000.\000m}{part.2}% 422
\BOOKMARK [0][-]{chapter*.104}{\376\377\000G\000l\000o\000b\000a\000l\000\040\000R\000e\000s\000u\000m\000o\000\040\000a\000n\000d\000\040\000C\000o\000n\000c\000l\000u\000s\000\365\000e\000s}{part.2}% 423
\BOOKMARK [0][-]{appendix.A}{\376\377\000E\000s\000t\000r\000u\000t\000u\000r\000a\000\040\000d\000o\000\040\000P\000a\000c\000o\000t\000e}{part.2}% 424
\BOOKMARK [0][-]{appendix.B}{\376\377\000F\000l\000u\000x\000o\000\040\000R\000e\000c\000o\000m\000e\000n\000d\000a\000d\000o\000\040\000d\000e\000\040\000C\000o\000m\000p\000i\000l\000a\000\347\000\343\000o\000\040\000e\000\040\000T\000e\000s\000t\000e}{part.2}% 425
